# vsim top -l top.log -c -do "log -r /*; add wave -r /*; run -all;quit;" -wlf waveform.wlf 
# Start time: 07:40:00 on Sep 21,2022
# ** Note: (vsim-3812) Design is being optimized...
# //  Questa Sim
# //  Version 10.6c linux Jul 25 2017
# //
# //  Copyright 1991-2017 Mentor Graphics Corporation
# //  All Rights Reserved.
# //
# //  QuestaSim and its associated documentation contain trade
# //  secrets and commercial or financial information that are the property of
# //  Mentor Graphics Corporation and are privileged, confidential,
# //  and exempt from disclosure under the Freedom of Information Act,
# //  5 U.S.C. Section 552. Furthermore, this information
# //  is prohibited from disclosure under the Trade Secrets Act,
# //  18 U.S.C. Section 1905.
# //
# Loading sv_std.std
# Loading work.top(fast)
# Loading work.d_flipflop(fast)
# Loading work.test(fast)
# log -r /*
#  add wave -r /*
#  run -all
# DUT side  [0] : d_tb_drive = x q_dut_sample = x
# test side [3] : d_tb_drive = x q_dut_sample = x
# DUT side  [5] : d_tb_drive = 0 q_dut_sample = 0
# test side [13] : d_tb_drive = 0 q_dut_sample = 0
# DUT side  [15] : d_tb_drive = 1 q_dut_sample = 1
# test side [23] : d_tb_drive = 1 q_dut_sample = 1
# test side [33] : d_tb_drive = 1 q_dut_sample = 1
# test side [43] : d_tb_drive = 1 q_dut_sample = 1
# test side [53] : d_tb_drive = 1 q_dut_sample = 1
# test side [63] : d_tb_drive = 1 q_dut_sample = 1
# test side [73] : d_tb_drive = 1 q_dut_sample = 1
# DUT side  [75] : d_tb_drive = 0 q_dut_sample = 0
# test side [83] : d_tb_drive = 0 q_dut_sample = 0
# DUT side  [85] : d_tb_drive = 1 q_dut_sample = 1
# test side [93] : d_tb_drive = 1 q_dut_sample = 1
# ** Note: $finish    : test.sv(21)
#    Time: 93 ns  Iteration: 0  Instance: /top/t2
# End time: 07:40:00 on Sep 21,2022, Elapsed time: 0:00:00
# Errors: 0, Warnings: 0
