# vsim -cvgperinstance options -l options.log -c -do "coverage save -onexit options.ucdb;run -all;exit;" 
# Start time: 23:53:05 on Oct 07,2022
# ** Note: (vsim-8009) Loading existing optimized design _opt
# //  Questa Sim
# //  Version 10.6c linux Jul 25 2017
# //
# //  Copyright 1991-2017 Mentor Graphics Corporation
# //  All Rights Reserved.
# //
# //  QuestaSim and its associated documentation contain trade
# //  secrets and commercial or financial information that are the property of
# //  Mentor Graphics Corporation and are privileged, confidential,
# //  and exempt from disclosure under the Freedom of Information Act,
# //  5 U.S.C. Section 552. Furthermore, this information
# //  is prohibited from disclosure under the Trade Secrets Act,
# //  18 U.S.C. Section 1905.
# //
# Loading sv_std.std
# Loading work.options_sv_unit(fast)
# Loading work.options(fast)
# coverage save -onexit options.ucdb
# run -all
# a=0 ; b= 8 ; coverage %= 16.07
# coverpoint c1 coverage% = 0.00%
# coverpoint c2 coverage% = 12.50%
# coverpoint c3 coverage% = 50.00%
# -----------------------------------------------------
# a=1 ; b= 6 ; coverage %= 32.14
# coverpoint c1 coverage% = 0.00%
# coverpoint c2 coverage% = 25.00%
# coverpoint c3 coverage% = 100.00%
# -----------------------------------------------------
# a=1 ; b= 8 ; coverage %= 39.29
# coverpoint c1 coverage% = 50.00%
# coverpoint c2 coverage% = 25.00%
# coverpoint c3 coverage% = 100.00%
# -----------------------------------------------------
# a=3 ; b= 4 ; coverage %= 48.21
# coverpoint c1 coverage% = 50.00%
# coverpoint c2 coverage% = 37.50%
# coverpoint c3 coverage% = 100.00%
# -----------------------------------------------------
# a=4 ; b= 4 ; coverage %= 57.14
# coverpoint c1 coverage% = 50.00%
# coverpoint c2 coverage% = 50.00%
# coverpoint c3 coverage% = 100.00%
# -----------------------------------------------------
# exit
# Saving coverage database on exit...
# End time: 23:53:06 on Oct 07,2022, Elapsed time: 0:00:01
# Errors: 0, Warnings: 0
