# vsim mod -l stat_cons_log.log -c -do "run -all; exit;" 
# Start time: 23:04:51 on Sep 20,2022
# ** Note: (vsim-8009) Loading existing optimized design _opt
# //  Questa Sim
# //  Version 10.6c linux Jul 25 2017
# //
# //  Copyright 1991-2017 Mentor Graphics Corporation
# //  All Rights Reserved.
# //
# //  QuestaSim and its associated documentation contain trade
# //  secrets and commercial or financial information that are the property of
# //  Mentor Graphics Corporation and are privileged, confidential,
# //  and exempt from disclosure under the Freedom of Information Act,
# //  5 U.S.C. Section 552. Furthermore, this information
# //  is prohibited from disclosure under the Trade Secrets Act,
# //  18 U.S.C. Section 1905.
# //
# Loading sv_std.std
# Loading work.stat_cons_sv_unit(fast)
# Loading work.mod(fast)
# run -all
# Randomization of multidimensional array
# ----------------------------------------
# Before randomization
#  Array = {0 0 0 0} {0 0 0 0} {0 0 0 0}
# -----------------------------------------------------------
# After randomization
#  Iteration = 0, Array = {8 10 11 2} {10 6 3 8} {10 7 7 7}
# -----------------------------------------------------------
#  Iteration = 1, Array = {5 0 5 4} {7 4 1 7} {2 4 9 5}
# -----------------------------------------------------------
#  Iteration = 2, Array = {7 4 4 1} {11 4 0 0} {7 0 4 1}
# -----------------------------------------------------------
#  Iteration = 3, Array = {4 6 8 8} {2 9 2 11} {7 10 9 5}
# -----------------------------------------------------------
#  Iteration = 4, Array = {1 1 4 9} {9 3 1 10} {6 10 5 11}
# -----------------------------------------------------------
#  Iteration = 5, Array = {10 2 8 2} {5 6 6 3} {6 10 8 9}
# -----------------------------------------------------------
#  exit
# End time: 23:04:52 on Sep 20,2022, Elapsed time: 0:00:01
# Errors: 0, Warnings: 0
