# vsim pkg_exm -l sro_avoid.log -c -do "run -all;quit;" 
# Start time: 23:39:38 on Oct 09,2022
# ** Note: (vsim-3812) Design is being optimized...
# //  Questa Sim
# //  Version 10.6c linux Jul 25 2017
# //
# //  Copyright 1991-2017 Mentor Graphics Corporation
# //  All Rights Reserved.
# //
# //  QuestaSim and its associated documentation contain trade
# //  secrets and commercial or financial information that are the property of
# //  Mentor Graphics Corporation and are privileged, confidential,
# //  and exempt from disclosure under the Freedom of Information Act,
# //  5 U.S.C. Section 552. Furthermore, this information
# //  is prohibited from disclosure under the Trade Secrets Act,
# //  18 U.S.C. Section 1905.
# //
# Loading sv_std.std
# Loading work.my_pkg(fast)
# Loading work.pkg_exm(fast)
# run -all
# value a (package parameter) =5 and  value of a (module variable)=10
# value c=25
# value d=30
# quit
# End time: 23:39:39 on Oct 09,2022, Elapsed time: 0:00:01
# Errors: 0, Warnings: 0
