# vsim semaphore_exa_get_try -l sema_exm3.log -c -do "run -all;quit;" 
# Start time: 22:16:04 on Oct 09,2022
# ** Note: (vsim-3812) Design is being optimized...
# //  Questa Sim
# //  Version 10.6c linux Jul 25 2017
# //
# //  Copyright 1991-2017 Mentor Graphics Corporation
# //  All Rights Reserved.
# //
# //  QuestaSim and its associated documentation contain trade
# //  secrets and commercial or financial information that are the property of
# //  Mentor Graphics Corporation and are privileged, confidential,
# //  and exempt from disclosure under the Freedom of Information Act,
# //  5 U.S.C. Section 552. Furthermore, this information
# //  is prohibited from disclosure under the Trade Secrets Act,
# //  18 U.S.C. Section 1905.
# //
# Loading sv_std.std
# Loading work.semaphore_exa_get_try(fast)
# run -all
# person A Waiting for car, time=0
# person A Got the car, time=0
# person B Waiting for car, time=1
# person B Got the car, time=1
# person A Returning back car, time=10
# person B Returning back car, time=11
# quit
# End time: 22:16:05 on Oct 09,2022, Elapsed time: 0:00:01
# Errors: 0, Warnings: 0
