# vsim typedefclass -l classtypedef.log -c -do "run -all;quit;" 
# Start time: 20:22:09 on Aug 30,2022
# ** Note: (vsim-3813) Design is being optimized due to module recompilation...
# //  Questa Sim
# //  Version 10.6c linux Jul 25 2017
# //
# //  Copyright 1991-2017 Mentor Graphics Corporation
# //  All Rights Reserved.
# //
# //  QuestaSim and its associated documentation contain trade
# //  secrets and commercial or financial information that are the property of
# //  Mentor Graphics Corporation and are privileged, confidential,
# //  and exempt from disclosure under the Freedom of Information Act,
# //  5 U.S.C. Section 552. Furthermore, this information
# //  is prohibited from disclosure under the Trade Secrets Act,
# //  18 U.S.C. Section 1905.
# //
# Loading sv_std.std
# Loading work.classtypedef_sv_unit(fast)
# Loading work.typedefclass(fast)
# run -all
# 
#  typedef class example
# 
#  fruit2 class usage with typedef to avoid compile error
# 
# quit
# End time: 20:22:10 on Aug 30,2022, Elapsed time: 0:00:01
# Errors: 0, Warnings: 0
