# vsim scanf -l file_scanf.log -c -do "run -all;quit;" 
# Start time: 03:00:33 on Oct 13,2022
# ** Note: (vsim-3812) Design is being optimized...
# //  Questa Sim
# //  Version 10.6c linux Jul 25 2017
# //
# //  Copyright 1991-2017 Mentor Graphics Corporation
# //  All Rights Reserved.
# //
# //  QuestaSim and its associated documentation contain trade
# //  secrets and commercial or financial information that are the property of
# //  Mentor Graphics Corporation and are privileged, confidential,
# //  and exempt from disclosure under the Freedom of Information Act,
# //  5 U.S.C. Section 552. Furthermore, this information
# //  is prohibited from disclosure under the Trade Secrets Act,
# //  18 U.S.C. Section 1905.
# //
# Loading sv_std.std
# Loading work.scanf(fast)
# run -all
# 
# contents of fscanf
# str = bhavana
# 
# 
# contents of fscanf
# str = Teams
# 
# contents of sscanf
# str = BJT
# 
# str2 = BJT
# 
# quit
# End time: 03:00:34 on Oct 13,2022, Elapsed time: 0:00:01
# Errors: 0, Warnings: 0
