# vsim mod1 -l package_mod1.log -c -do "run -all;exit;" 
# Start time: 03:50:57 on Oct 13,2022
# ** Note: (vsim-3812) Design is being optimized...
# //  Questa Sim
# //  Version 10.6c linux Jul 25 2017
# //
# //  Copyright 1991-2017 Mentor Graphics Corporation
# //  All Rights Reserved.
# //
# //  QuestaSim and its associated documentation contain trade
# //  secrets and commercial or financial information that are the property of
# //  Mentor Graphics Corporation and are privileged, confidential,
# //  and exempt from disclosure under the Freedom of Information Act,
# //  5 U.S.C. Section 552. Furthermore, this information
# //  is prohibited from disclosure under the Trade Secrets Act,
# //  18 U.S.C. Section 1905.
# //
# Loading sv_std.std
# Loading work.one(fast)
# Loading work.package_mod1_sv_unit(fast)
# Loading work.mod1(fast)
# run -all
# details of id1 are : 21
# name is  kumar ,age is 21
# it is in task of class
# in package function
# name given is raj, age is 40
# it is even
# exit
# End time: 03:50:58 on Oct 13,2022, Elapsed time: 0:00:01
# Errors: 0, Warnings: 0
