# vsim top -l implication_ifelse.sv.log -c -do "run -all;exit;" 
# Start time: 09:32:32 on Sep 19,2022
# ** Note: (vsim-3812) Design is being optimized...
# //  Questa Sim
# //  Version 10.6c linux Jul 25 2017
# //
# //  Copyright 1991-2017 Mentor Graphics Corporation
# //  All Rights Reserved.
# //
# //  QuestaSim and its associated documentation contain trade
# //  secrets and commercial or financial information that are the property of
# //  Mentor Graphics Corporation and are privileged, confidential,
# //  and exempt from disclosure under the Freedom of Information Act,
# //  5 U.S.C. Section 552. Furthermore, this information
# //  is prohibited from disclosure under the Trade Secrets Act,
# //  18 U.S.C. Section 1905.
# //
# Loading sv_std.std
# Loading work.implication_ifelse_sv_unit(fast)
# Loading work.top(fast)
# run -all
# -----Output for if else constraint-----
# If the value1 lies between the 3 to 9, 
#  then value2 will be 1 otherwise 0 
# -----------------------------------------------
# [0] @ iteration 0 ----->  value1=6, value2 = 1
# [0] @ iteration 1 ----->  value1=13, value2 = 0
# [0] @ iteration 2 ----->  value1=1, value2 = 0
# [0] @ iteration 3 ----->  value1=14, value2 = 0
# [0] @ iteration 4 ----->  value1=9, value2 = 1
# -----------------------------------------------
# exit
# End time: 09:32:34 on Sep 19,2022, Elapsed time: 0:00:02
# Errors: 0, Warnings: 0
