# vsim -cvgperinstance explicit_bin -l explicit_bin.log -c -do "coverage save -onexit explicit_bin.ucdb;run -all;exit;" 
# Start time: 00:19:18 on Oct 08,2022
# ** Note: (vsim-3812) Design is being optimized...
# //  Questa Sim
# //  Version 10.6c linux Jul 25 2017
# //
# //  Copyright 1991-2017 Mentor Graphics Corporation
# //  All Rights Reserved.
# //
# //  QuestaSim and its associated documentation contain trade
# //  secrets and commercial or financial information that are the property of
# //  Mentor Graphics Corporation and are privileged, confidential,
# //  and exempt from disclosure under the Freedom of Information Act,
# //  5 U.S.C. Section 552. Furthermore, this information
# //  is prohibited from disclosure under the Trade Secrets Act,
# //  18 U.S.C. Section 1905.
# //
# Loading sv_std.std
# Loading work.explicit_bin(fast)
# coverage save -onexit explicit_bin.ucdb
# run -all
# a=4,coverage = 0.00 %
# a=1,coverage = 0.00 %
# a=1,coverage = 0.00 %
# a=3,coverage = 50.00 %
# a=5,coverage = 50.00 %
# exit
# Saving coverage database on exit...
# End time: 00:19:20 on Oct 08,2022, Elapsed time: 0:00:02
# Errors: 0, Warnings: 0
