# vsim file_modes -l file_modes.log -c -do "run -all;quit;" 
# Start time: 22:03:55 on Oct 11,2022
# ** Note: (vsim-3812) Design is being optimized...
# //  Questa Sim
# //  Version 10.6c linux Jul 25 2017
# //
# //  Copyright 1991-2017 Mentor Graphics Corporation
# //  All Rights Reserved.
# //
# //  QuestaSim and its associated documentation contain trade
# //  secrets and commercial or financial information that are the property of
# //  Mentor Graphics Corporation and are privileged, confidential,
# //  and exempt from disclosure under the Freedom of Information Act,
# //  5 U.S.C. Section 552. Furthermore, this information
# //  is prohibited from disclosure under the Trade Secrets Act,
# //  18 U.S.C. Section 1905.
# //
# Loading sv_std.std
# Loading work.file_modes(fast)
# ** Warning: (vsim-PLI-3691) file_modes.sv(28): Expected a system task, not a system function '$fgets'.
#    Time: 0 ns  Iteration: 0  Region: /file_modes/BEGIN_I File: file_modes.sv
# ** Warning: (vsim-PLI-3691) file_modes.sv(31): Expected a system task, not a system function '$fgets'.
#    Time: 0 ns  Iteration: 0  Region: /file_modes/BEGIN_I File: file_modes.sv
# ** Warning: (vsim-PLI-3691) file_modes.sv(43): Expected a system task, not a system function '$rewind'.
#    Time: 0 ns  Iteration: 0  Region: /file_modes/BEGIN_I File: file_modes.sv
# ** Warning: (vsim-PLI-3691) file_modes.sv(49): Expected a system task, not a system function '$fgets'.
#    Time: 0 ns  Iteration: 0  Region: /file_modes/BEGIN_I File: file_modes.sv
# run -all
# 
# output of 'r' mode
# Line read : contents of file
# 
# Line read : sv course
# 
# output of 'r+' mode
# line read :filemodes
# 
# 
# quit
# End time: 22:03:56 on Oct 11,2022, Elapsed time: 0:00:01
# Errors: 0, Warnings: 4
