# vsim work.while_simple -l while_variable_log.log -c -do "run -all;exit;" 
# Start time: 05:24:42 on Sep 07,2022
# ** Note: (vsim-8009) Loading existing optimized design _opt
# //  Questa Sim
# //  Version 10.6c linux Jul 25 2017
# //
# //  Copyright 1991-2017 Mentor Graphics Corporation
# //  All Rights Reserved.
# //
# //  QuestaSim and its associated documentation contain trade
# //  secrets and commercial or financial information that are the property of
# //  Mentor Graphics Corporation and are privileged, confidential,
# //  and exempt from disclosure under the Freedom of Information Act,
# //  5 U.S.C. Section 552. Furthermore, this information
# //  is prohibited from disclosure under the Trade Secrets Act,
# //  18 U.S.C. Section 1905.
# //
# Loading sv_std.std
# Loading work.while_simple(fast)
# run -all
# Iteration = 2
# a is a local variable
# The size of a = 32
# ------------------------------
# Iteration = 3
# a is a local variable
# The size of a = 32
# ------------------------------
# Iteration = 4
# a is a local variable
# The size of a = 32
# ------------------------------
# x is a global varaible 
# The value of x = 5
# ------------------------
# x is a global varaible 
# The value of x = 6
# ------------------------
# x is a global varaible 
# The value of x = 7
# ------------------------
# exit
# End time: 05:24:43 on Sep 07,2022, Elapsed time: 0:00:01
# Errors: 0, Warnings: 0
