# vsim deep -l deep_copy.log -c -do "run -all;quit;" 
# Start time: 02:46:17 on Oct 01,2022
# ** Note: (vsim-3812) Design is being optimized...
# //  Questa Sim
# //  Version 10.6c linux Jul 25 2017
# //
# //  Copyright 1991-2017 Mentor Graphics Corporation
# //  All Rights Reserved.
# //
# //  QuestaSim and its associated documentation contain trade
# //  secrets and commercial or financial information that are the property of
# //  Mentor Graphics Corporation and are privileged, confidential,
# //  and exempt from disclosure under the Freedom of Information Act,
# //  5 U.S.C. Section 552. Furthermore, this information
# //  is prohibited from disclosure under the Trade Secrets Act,
# //  18 U.S.C. Section 1905.
# //
# Loading sv_std.std
# Loading work.deep_copy_sv_unit(fast)
# Loading work.deep(fast)
# run -all
# contents of branch p1 before changes
# a=Mirafra,	 c=Banglore,	 d=1
# contents of branch p2 before changes
# a=Mirafra,	 c=Banglore,	 d=1
# contents of branches p1 after changes
# a=BJT,	 c=Manipal,	 d=8
# contents of branches p2 after changes
# a=Mirafra-Teams,	 c=Hyderabad,	 d=9
# quit
# End time: 02:46:18 on Oct 01,2022, Elapsed time: 0:00:01
# Errors: 0, Warnings: 0
