# vsim fine_await -l fine_await.log -c -do "run -all;quit;" 
# Start time: 06:04:49 on Aug 26,2022
# ** Note: (vsim-3813) Design is being optimized due to module recompilation...
# //  Questa Sim
# //  Version 10.6c linux Jul 25 2017
# //
# //  Copyright 1991-2017 Mentor Graphics Corporation
# //  All Rights Reserved.
# //
# //  QuestaSim and its associated documentation contain trade
# //  secrets and commercial or financial information that are the property of
# //  Mentor Graphics Corporation and are privileged, confidential,
# //  and exempt from disclosure under the Freedom of Information Act,
# //  5 U.S.C. Section 552. Furthermore, this information
# //  is prohibited from disclosure under the Trade Secrets Act,
# //  18 U.S.C. Section 1905.
# //
# Loading sv_std.std
# Loading work.fine_await(fast)
# run -all
# [0] Seeking status:
# [1] p1
# [1] p2
# [2] I'm in Amalfi Coast, Italy
# [3] p1_1: RUNNING
# [4] p1_if: RUNNING
# [6] Waiting for bus
# [7] p1_2: WAITING
# [7] p2_1: RUNNING
# [8] p2_2: RUNNING
# [9] p2_3: FINISHED
# [9] p2_if: FINISHED
# [11] p1_3: FINISHED
# quit
# End time: 06:04:50 on Aug 26,2022, Elapsed time: 0:00:01
# Errors: 0, Warnings: 0
