# vsim top -l code.log -c -do "run -all;quit;" 
# Start time: 18:50:36 on Sep 27,2022
# ** Note: (vsim-8009) Loading existing optimized design _opt
# //  Questa Sim
# //  Version 10.6c linux Jul 25 2017
# //
# //  Copyright 1991-2017 Mentor Graphics Corporation
# //  All Rights Reserved.
# //
# //  QuestaSim and its associated documentation contain trade
# //  secrets and commercial or financial information that are the property of
# //  Mentor Graphics Corporation and are privileged, confidential,
# //  and exempt from disclosure under the Freedom of Information Act,
# //  5 U.S.C. Section 552. Furthermore, this information
# //  is prohibited from disclosure under the Trade Secrets Act,
# //  18 U.S.C. Section 1905.
# //
# Loading sv_std.std
# Loading work.top(fast)
# run -all
# 
#  // Parameterised interface example
# 
# count=0
# 
# count=1
# 
# count=2
# 
# count=3
# 
# count=4
# 
# count=5
# 
# count=6
# 
# count=7
# 
# count=0
# 
# count=1
# 
# count=2
# 
# count=3
# 
# count=4
# 
# count=5
# 
# count=6
# 
# count=7
# 
# count=0
# 
# count=1
# 
# count=2
# 
# count=3
# 
# count=4
# 
# count=5
# 
# count=6
# 
# count=7
# 
# count=0
# 
# count=1
# 
# count=2
# 
# count=3
# 
# count=4
# 
# count=5
# 
# count=6
# 
# count=7
# 
# count=0
# 
# count=1
# 
# count=2
# 
# count=3
# ** Note: $finish    : /hwetools/work_area/frontend/dilip_B7/interface/interface/inter_face/parameter/test.sv(16)
#    Time: 370 ns  Iteration: 0  Instance: /top/u2
# End time: 18:50:37 on Sep 27,2022, Elapsed time: 0:00:01
# Errors: 0, Warnings: 0
