# vsim -cvgperinstance cvgrp_inside_class -l cvgrp_inside_class.log -c -do "coverage save -onexit inside_class.ucdb;run -all;exit;" 
# Start time: 23:44:53 on Oct 07,2022
# ** Note: (vsim-8009) Loading existing optimized design _opt1
# //  Questa Sim
# //  Version 10.6c linux Jul 25 2017
# //
# //  Copyright 1991-2017 Mentor Graphics Corporation
# //  All Rights Reserved.
# //
# //  QuestaSim and its associated documentation contain trade
# //  secrets and commercial or financial information that are the property of
# //  Mentor Graphics Corporation and are privileged, confidential,
# //  and exempt from disclosure under the Freedom of Information Act,
# //  5 U.S.C. Section 552. Furthermore, this information
# //  is prohibited from disclosure under the Trade Secrets Act,
# //  18 U.S.C. Section 1905.
# //
# Loading sv_std.std
# Loading work.cvgrp_inside_class_sv_unit(fast)
# Loading work.cvgrp_inside_class(fast)
# coverage save -onexit inside_class.ucdb
# run -all
# a=0 ; b=2 ; coverage %=25.00
# a=0 ; b=1 ; coverage %=37.50
# a=1 ; b=0 ; coverage %=62.50
# a=0 ; b=2 ; coverage %=62.50
# a=2 ; b=0 ; coverage %=75.00
# exit
# Saving coverage database on exit...
# End time: 23:44:53 on Oct 07,2022, Elapsed time: 0:00:00
# Errors: 0, Warnings: 0
