# vsim top -l modport.log -c -do "run -all; exit;" 
# Start time: 02:18:17 on Sep 08,2022
# ** Note: (vsim-3813) Design is being optimized due to module recompilation...
# //  Questa Sim
# //  Version 10.6c linux Jul 25 2017
# //
# //  Copyright 1991-2017 Mentor Graphics Corporation
# //  All Rights Reserved.
# //
# //  QuestaSim and its associated documentation contain trade
# //  secrets and commercial or financial information that are the property of
# //  Mentor Graphics Corporation and are privileged, confidential,
# //  and exempt from disclosure under the Freedom of Information Act,
# //  5 U.S.C. Section 552. Furthermore, this information
# //  is prohibited from disclosure under the Trade Secrets Act,
# //  18 U.S.C. Section 1905.
# //
# Loading sv_std.std
# Loading work.top(fast)
# Loading work.and_gate(fast)
# Loading work.tb(fast)
# run -all
# // and gate output using modports
# 
# input_p=0	 input_q=0	 output_r=0
# input_p=1	 input_q=0	 output_r=0
# input_p=0	 input_q=1	 output_r=0
# input_p=1	 input_q=1	 output_r=1
#  exit
# End time: 02:18:18 on Sep 08,2022, Elapsed time: 0:00:01
# Errors: 0, Warnings: 0
