# vsim methods_dynamic -l methods_dynamic.log -c -do "run -all;quit;" 
# Start time: 22:43:00 on Aug 25,2022
# ** Note: (vsim-3813) Design is being optimized due to module recompilation...
# //  Questa Sim
# //  Version 10.6c linux Jul 25 2017
# //
# //  Copyright 1991-2017 Mentor Graphics Corporation
# //  All Rights Reserved.
# //
# //  QuestaSim and its associated documentation contain trade
# //  secrets and commercial or financial information that are the property of
# //  Mentor Graphics Corporation and are privileged, confidential,
# //  and exempt from disclosure under the Freedom of Information Act,
# //  5 U.S.C. Section 552. Furthermore, this information
# //  is prohibited from disclosure under the Trade Secrets Act,
# //  18 U.S.C. Section 1905.
# //
# Loading sv_std.std
# Loading work.methods_dynamic(fast)
# run -all
# 
# // dynamic array values
# value of xyz[0]=11
# value of xyz[1]=12
# value of xyz[2]=13
# value of xyz[3]=14
# value of xyz[4]=15
# value of xyz[5]=16
# value of xyz[6]=17
# value of xyz[7]=18
# value of xyz[8]=19
# value of xyz[9]=20
# 
# // displaying the array size
# 10
# 
# // after deleting all elements, size of the array 
# 0
# 
# quit
# End time: 22:43:01 on Aug 25,2022, Elapsed time: 0:00:01
# Errors: 0, Warnings: 0
