# vsim tb -l num_op.log -c -do "run -all;quit;" 
# Start time: 04:56:36 on Oct 08,2022
# ** Note: (vsim-3812) Design is being optimized...
# //  Questa Sim
# //  Version 10.6c linux Jul 25 2017
# //
# //  Copyright 1991-2017 Mentor Graphics Corporation
# //  All Rights Reserved.
# //
# //  QuestaSim and its associated documentation contain trade
# //  secrets and commercial or financial information that are the property of
# //  Mentor Graphics Corporation and are privileged, confidential,
# //  and exempt from disclosure under the Freedom of Information Act,
# //  5 U.S.C. Section 552. Furthermore, this information
# //  is prohibited from disclosure under the Trade Secrets Act,
# //  18 U.S.C. Section 1905.
# //
# Loading sv_std.std
# Loading work.num_sv_unit(fast)
# Loading work.tb(fast)
# run -all
# [0] Transmitter: value of a = 1
#  No of messages in mailbox = 1
# [0] Transmitter: value of a = 2
#  No of messages in mailbox = 2
# [0] Transmitter: value of a = 3
#  No of messages in mailbox = 3
# .....................................................
# [0] Transmitter: value of a = 4
#  No of messages in mailbox = 4
# [0] Transmitter: value of a = 5
#  No of messages in mailbox = 5
# [0] Transmitter: value of a = 6
#  No of messages in mailbox = 6
# .....................................................
# quit
# End time: 04:56:37 on Oct 08,2022, Elapsed time: 0:00:01
# Errors: 0, Warnings: 0
