# vsim disable_fork -l disable_fork.log -c -do "run -all;quit;" 
# Start time: 10:48:04 on Sep 05,2022
# ** Note: (vsim-3812) Design is being optimized...
# //  Questa Sim
# //  Version 10.6c linux Jul 25 2017
# //
# //  Copyright 1991-2017 Mentor Graphics Corporation
# //  All Rights Reserved.
# //
# //  QuestaSim and its associated documentation contain trade
# //  secrets and commercial or financial information that are the property of
# //  Mentor Graphics Corporation and are privileged, confidential,
# //  and exempt from disclosure under the Freedom of Information Act,
# //  5 U.S.C. Section 552. Furthermore, this information
# //  is prohibited from disclosure under the Trade Secrets Act,
# //  18 U.S.C. Section 1905.
# //
# Loading sv_std.std
# Loading work.disable_fork(fast)
# run -all
# main_T-1: [0] Values of a = Malpe,b = Kudlu,c = 
# main_T-4: [1] Values of a = Malpe,b = Kudlu,c = Hoode
# T-5: [1] Values of a = Malpe,b = Kudlu,c = Hoode
# main_Th-2: [2] ending of fork-join
# quit
# End time: 10:48:06 on Sep 05,2022, Elapsed time: 0:00:02
# Errors: 0, Warnings: 0
