# vsim fine_status -l fine_status.log -c -do "run -all;quit;" 
# Start time: 22:38:00 on Aug 26,2022
# ** Note: (vsim-8009) Loading existing optimized design _opt
# //  Questa Sim
# //  Version 10.6c linux Jul 25 2017
# //
# //  Copyright 1991-2017 Mentor Graphics Corporation
# //  All Rights Reserved.
# //
# //  QuestaSim and its associated documentation contain trade
# //  secrets and commercial or financial information that are the property of
# //  Mentor Graphics Corporation and are privileged, confidential,
# //  and exempt from disclosure under the Freedom of Information Act,
# //  5 U.S.C. Section 552. Furthermore, this information
# //  is prohibited from disclosure under the Trade Secrets Act,
# //  18 U.S.C. Section 1905.
# //
# Loading sv_std.std
# Loading work.fine_status(fast)
# run -all
# [0] Seeking status:
# [1] I'm in Amalfi Coast, Italy
# [1] p1_2: WAITING
# [4] p1_1: RUNNING
# [5] p1_3: FINISHED
# [6] p2_2: WAITING
# [13] Waiting for bus
# [13] p2_1: RUNNING
# [14] p2_3: FINISHED
# quit
# End time: 22:38:01 on Aug 26,2022, Elapsed time: 0:00:01
# Errors: 0, Warnings: 0
