# vsim while_code -l while_loop_output.log -c -do "run -all; exit;" 
# Start time: 22:22:38 on Aug 25,2022
# ** Note: (vsim-3812) Design is being optimized...
# //  Questa Sim
# //  Version 10.6c linux Jul 25 2017
# //
# //  Copyright 1991-2017 Mentor Graphics Corporation
# //  All Rights Reserved.
# //
# //  QuestaSim and its associated documentation contain trade
# //  secrets and commercial or financial information that are the property of
# //  Mentor Graphics Corporation and are privileged, confidential,
# //  and exempt from disclosure under the Freedom of Information Act,
# //  5 U.S.C. Section 552. Furthermore, this information
# //  is prohibited from disclosure under the Trade Secrets Act,
# //  18 U.S.C. Section 1905.
# //
# Loading sv_std.std
# Loading work.while_code(fast)
# run -all
# -----while loop output ---
# 	 value of apple = 1
# 	 value of apple = 2
# 	 value of apple = 3
# 	 value of apple = 4
# 	 value of apple = 5
#  exit
# End time: 22:22:39 on Aug 25,2022, Elapsed time: 0:00:01
# Errors: 0, Warnings: 0
