# vsim casting_shortint -l shortint_casting.log -c -do "run -all; exit;" 
# Start time: 11:26:54 on Aug 31,2022
# ** Note: (vsim-3812) Design is being optimized...
# //  Questa Sim
# //  Version 10.6c linux Jul 25 2017
# //
# //  Copyright 1991-2017 Mentor Graphics Corporation
# //  All Rights Reserved.
# //
# //  QuestaSim and its associated documentation contain trade
# //  secrets and commercial or financial information that are the property of
# //  Mentor Graphics Corporation and are privileged, confidential,
# //  and exempt from disclosure under the Freedom of Information Act,
# //  5 U.S.C. Section 552. Furthermore, this information
# //  is prohibited from disclosure under the Trade Secrets Act,
# //  18 U.S.C. Section 1905.
# //
# Loading sv_std.std
# Loading work.casting_shortint(fast)
# run -all
# 
# size of shortint = 16
# before casting shortint_data = 0000000010110011
# after casting shortint to int = 00000000000000000000000010110011
# 
# after casting shortint to longint = 0000000000000000000000000000000000000000000000000000000010110011
# 
#  exit
# End time: 11:26:55 on Aug 31,2022, Elapsed time: 0:00:01
# Errors: 0, Warnings: 0
