# vsim tb -l put_op.log -c -do "run -all;quit;" 
# Start time: 11:30:57 on Oct 09,2022
# ** Note: (vsim-3812) Design is being optimized...
# //  Questa Sim
# //  Version 10.6c linux Jul 25 2017
# //
# //  Copyright 1991-2017 Mentor Graphics Corporation
# //  All Rights Reserved.
# //
# //  QuestaSim and its associated documentation contain trade
# //  secrets and commercial or financial information that are the property of
# //  Mentor Graphics Corporation and are privileged, confidential,
# //  and exempt from disclosure under the Freedom of Information Act,
# //  5 U.S.C. Section 552. Furthermore, this information
# //  is prohibited from disclosure under the Trade Secrets Act,
# //  18 U.S.C. Section 1905.
# //
# Loading sv_std.std
# Loading work.put_sv_unit(fast)
# Loading work.tb(fast)
# run -all
# [1] 1. Transmitter: value of a = 1
# [2] 1. Transmitter: value of a = 2
# [3] 1. Transmitter: value of a = 3
# quit
# End time: 11:30:59 on Oct 09,2022, Elapsed time: 0:00:02
# Errors: 0, Warnings: 0
