# vsim CLI_valargs -l CLI_valueargs.log -c -do "run -all;quit;" "+msg=HEY!" "+value=2" 
# Start time: 02:29:03 on Oct 13,2022
# ** Note: (vsim-3812) Design is being optimized...
# //  Questa Sim
# //  Version 10.6c linux Jul 25 2017
# //
# //  Copyright 1991-2017 Mentor Graphics Corporation
# //  All Rights Reserved.
# //
# //  QuestaSim and its associated documentation contain trade
# //  secrets and commercial or financial information that are the property of
# //  Mentor Graphics Corporation and are privileged, confidential,
# //  and exempt from disclosure under the Freedom of Information Act,
# //  5 U.S.C. Section 552. Furthermore, this information
# //  is prohibited from disclosure under the Trade Secrets Act,
# //  18 U.S.C. Section 1905.
# //
# Loading sv_std.std
# Loading work.CLI_valargs(fast)
# run -all
# $value$plusargs used above returns 1
# HEY!
# Incremeneted value of y:3
# quit
# End time: 02:29:04 on Oct 13,2022, Elapsed time: 0:00:01
# Errors: 0, Warnings: 0
