# vsim priorityif_1 -l priorityif_1_log.log -c -do "run -all; exit;" 
# Start time: 06:44:56 on Sep 06,2022
# ** Note: (vsim-8009) Loading existing optimized design _opt
# //  Questa Sim
# //  Version 10.6c linux Jul 25 2017
# //
# //  Copyright 1991-2017 Mentor Graphics Corporation
# //  All Rights Reserved.
# //
# //  QuestaSim and its associated documentation contain trade
# //  secrets and commercial or financial information that are the property of
# //  Mentor Graphics Corporation and are privileged, confidential,
# //  and exempt from disclosure under the Freedom of Information Act,
# //  5 U.S.C. Section 552. Furthermore, this information
# //  is prohibited from disclosure under the Trade Secrets Act,
# //  18 U.S.C. Section 1905.
# //
# Loading sv_std.std
# Loading work.priorityif_1(fast)
# run -all
# The default size of a =          32
# The default size of b =           8
# The default size of c =          32
# -----------------------------------
# Inside the first else if block 
#  Default size of a = default size of c 
# -----------------------------
# Out from the block 
#  exit
# End time: 06:44:57 on Sep 06,2022, Elapsed time: 0:00:01
# Errors: 0, Warnings: 0
