# vsim unpacked_array -l unpacked_array.log -c -do "run -all;quit;" 
# Start time: 22:44:45 on Aug 25,2022
# ** Note: (vsim-8009) Loading existing optimized design _opt
# //  Questa Sim
# //  Version 10.6c linux Jul 25 2017
# //
# //  Copyright 1991-2017 Mentor Graphics Corporation
# //  All Rights Reserved.
# //
# //  QuestaSim and its associated documentation contain trade
# //  secrets and commercial or financial information that are the property of
# //  Mentor Graphics Corporation and are privileged, confidential,
# //  and exempt from disclosure under the Freedom of Information Act,
# //  5 U.S.C. Section 552. Furthermore, this information
# //  is prohibited from disclosure under the Trade Secrets Act,
# //  18 U.S.C. Section 1905.
# //
# Loading sv_std.std
# Loading work.unpacked_array(fast)
# run -all
# 
# // displaying values of unpacked arrays
# values of a[0] = 4
# values of a[1] = 5
# values of a[2] = 6
# values of a[3] = 2
# values of a[4] = 3
# values of a[5] = 7
# values of a[6] = 9
# values of a[7] = 10
# 
# // displaying another unpacked array values in one line
# abc = '{29, 18, 34, 26, 32, 13, 19, 30, 43, 46}
# 
# quit
# End time: 22:44:46 on Aug 25,2022, Elapsed time: 0:00:01
# Errors: 0, Warnings: 0
