# vsim tb -l instance_class.log -c -do "run -all;quit;" 
# Start time: 02:30:29 on Oct 01,2022
# ** Note: (vsim-3812) Design is being optimized...
# //  Questa Sim
# //  Version 10.6c linux Jul 25 2017
# //
# //  Copyright 1991-2017 Mentor Graphics Corporation
# //  All Rights Reserved.
# //
# //  QuestaSim and its associated documentation contain trade
# //  secrets and commercial or financial information that are the property of
# //  Mentor Graphics Corporation and are privileged, confidential,
# //  and exempt from disclosure under the Freedom of Information Act,
# //  5 U.S.C. Section 552. Furthermore, this information
# //  is prohibited from disclosure under the Trade Secrets Act,
# //  18 U.S.C. Section 1905.
# //
# Loading sv_std.std
# Loading work.instance_class_sv_unit(fast)
# Loading work.tb(fast)
# run -all
# a = 5,	 b = team,	 c = 3,	 d = 4
# a = 5,	 b = team,	 c = 3,	 d = 7
# a = 5,	 b = BJT,	 c = 8,	 d = 0
# a = 5,	 b = BJT,	 c = 8,	 d = 0
# quit
# End time: 02:30:30 on Oct 01,2022, Elapsed time: 0:00:01
# Errors: 0, Warnings: 0
