# vsim fine_grain -l fine_grain.log -c -do "run -all;quit;" 
# Start time: 04:59:34 on Aug 25,2022
# ** Note: (vsim-3813) Design is being optimized due to module recompilation...
# //  Questa Sim
# //  Version 10.6c linux Jul 25 2017
# //
# //  Copyright 1991-2017 Mentor Graphics Corporation
# //  All Rights Reserved.
# //
# //  QuestaSim and its associated documentation contain trade
# //  secrets and commercial or financial information that are the property of
# //  Mentor Graphics Corporation and are privileged, confidential,
# //  and exempt from disclosure under the Freedom of Information Act,
# //  5 U.S.C. Section 552. Furthermore, this information
# //  is prohibited from disclosure under the Trade Secrets Act,
# //  18 U.S.C. Section 1905.
# //
# Loading sv_std.std
# Loading work.fine_grain(fast)
# run -all
#                    0Welcome to world of SV
#                    0Nuvvu thop ra ayya
#                    0Welcome to world of john
#                    0pora rey p**ka
#                    1p1
#                    1p1:FINISHED
#                    1p2:WAITING
#                    1p3_1:WAITING
#                    3p2
#                   11p3_2:SUSPENDED
#                   12p3
#                   13p3_3:FINISHED
#                   14p4
#                   15p4:FINISHED
# quit
# End time: 04:59:35 on Aug 25,2022, Elapsed time: 0:00:01
# Errors: 0, Warnings: 0
