# vsim relational_code -l relational_code_output.log -c -do "run -all;quit;" 
# Start time: 23:06:54 on Sep 06,2022
# ** Note: (vsim-8009) Loading existing optimized design _opt
# //  Questa Sim
# //  Version 10.6c linux Jul 25 2017
# //
# //  Copyright 1991-2017 Mentor Graphics Corporation
# //  All Rights Reserved.
# //
# //  QuestaSim and its associated documentation contain trade
# //  secrets and commercial or financial information that are the property of
# //  Mentor Graphics Corporation and are privileged, confidential,
# //  and exempt from disclosure under the Freedom of Information Act,
# //  5 U.S.C. Section 552. Furthermore, this information
# //  is prohibited from disclosure under the Trade Secrets Act,
# //  18 U.S.C. Section 1905.
# //
# Loading sv_std.std
# Loading work.relational_code(fast)
# run -all
# 
#  	 Value of a is 111
# 
#  	 Value of b is 101
# 
#  	 the output of the a < b is 0
# 
#  	 the output of the a > b is 1
# 
#  	 the output of the a <= b is 0
# 
#  	 the output of the a >= b is 1
# quit
# End time: 23:06:55 on Sep 06,2022, Elapsed time: 0:00:01
# Errors: 0, Warnings: 0
