# vsim unique_if3 -l unique_if3_log.log -c -do "run -all; exit;" 
# Start time: 05:20:58 on Sep 06,2022
# ** Note: (vsim-8009) Loading existing optimized design _opt
# //  Questa Sim
# //  Version 10.6c linux Jul 25 2017
# //
# //  Copyright 1991-2017 Mentor Graphics Corporation
# //  All Rights Reserved.
# //
# //  QuestaSim and its associated documentation contain trade
# //  secrets and commercial or financial information that are the property of
# //  Mentor Graphics Corporation and are privileged, confidential,
# //  and exempt from disclosure under the Freedom of Information Act,
# //  5 U.S.C. Section 552. Furthermore, this information
# //  is prohibited from disclosure under the Trade Secrets Act,
# //  18 U.S.C. Section 1905.
# //
# Loading sv_std.std
# Loading work.unique_if3(fast)
# run -all
# The value of a = 13
# ------------------------
# ** Warning: (vsim-8315) unique_if3.sv(11): No condition is true in the unique/priority if/case statement.
#    Time: 0 ns  Iteration: 0  Instance: /unique_if3
# Out of the condtional block 
#  exit
# End time: 05:20:59 on Sep 06,2022, Elapsed time: 0:00:01
# Errors: 0, Warnings: 1
