# vsim typedef_enum -l typedef_enum.log -c -do "run -all; exit;" 
# Start time: 12:40:39 on Aug 25,2022
# ** Note: (vsim-3812) Design is being optimized...
# //  Questa Sim
# //  Version 10.6c linux Jul 25 2017
# //
# //  Copyright 1991-2017 Mentor Graphics Corporation
# //  All Rights Reserved.
# //
# //  QuestaSim and its associated documentation contain trade
# //  secrets and commercial or financial information that are the property of
# //  Mentor Graphics Corporation and are privileged, confidential,
# //  and exempt from disclosure under the Freedom of Information Act,
# //  5 U.S.C. Section 552. Furthermore, this information
# //  is prohibited from disclosure under the Trade Secrets Act,
# //  18 U.S.C. Section 1905.
# //
# Loading sv_std.std
# Loading work.typedef_enum(fast)
# run -all
# 
# //days = {monday, tuesday, wednesday, thursday, friday, saturday, sunday }
# 
# first day name = monday  and its value is = 0
# 
# last day name = sunday  and its value is = 6
# 
# next day name after wednesday  = thursday  and its value is = 3
# 
# previous day name befor wednesday  = tuesday  and its value is = 1
# 
# current day name = tuesday  and its value is = 1
# 
# total number of days in week type is = 7
# 
#  exit
# End time: 12:40:40 on Aug 25,2022, Elapsed time: 0:00:01
# Errors: 0, Warnings: 0
