# vsim virtual_task -l virtual_task.log -c -do "run -all;quit;" 
# Start time: 22:45:19 on Oct 03,2022
# ** Note: (vsim-3812) Design is being optimized...
# //  Questa Sim
# //  Version 10.6c linux Jul 25 2017
# //
# //  Copyright 1991-2017 Mentor Graphics Corporation
# //  All Rights Reserved.
# //
# //  QuestaSim and its associated documentation contain trade
# //  secrets and commercial or financial information that are the property of
# //  Mentor Graphics Corporation and are privileged, confidential,
# //  and exempt from disclosure under the Freedom of Information Act,
# //  5 U.S.C. Section 552. Furthermore, this information
# //  is prohibited from disclosure under the Trade Secrets Act,
# //  18 U.S.C. Section 1905.
# //
# Loading sv_std.std
# Loading work.virtual_task_sv_unit(fast)
# Loading work.virtual_task(fast)
# run -all
# contents of pp0
# c=BJT
# d=8
# quit
# End time: 22:45:20 on Oct 03,2022, Elapsed time: 0:00:01
# Errors: 0, Warnings: 0
