# vsim set_value_enum -l set_value_enum.log -c -do "run -all; exit;" 
# Start time: 00:04:09 on Sep 01,2022
# ** Note: (vsim-3813) Design is being optimized due to module recompilation...
# //  Questa Sim
# //  Version 10.6c linux Jul 25 2017
# //
# //  Copyright 1991-2017 Mentor Graphics Corporation
# //  All Rights Reserved.
# //
# //  QuestaSim and its associated documentation contain trade
# //  secrets and commercial or financial information that are the property of
# //  Mentor Graphics Corporation and are privileged, confidential,
# //  and exempt from disclosure under the Freedom of Information Act,
# //  5 U.S.C. Section 552. Furthermore, this information
# //  is prohibited from disclosure under the Trade Secrets Act,
# //  18 U.S.C. Section 1905.
# //
# Loading sv_std.std
# Loading work.set_value_enum(fast)
# run -all
# 
# //days and given its value = {
#  MONDAY=0,
#  TUESDAY,
#  WEDNESDAY=5,
#  THURSDAY=7,
#  FRIDAY=10,
#  SATURDAY,
#  SUNDAY
#  }
# 
# Days name = MONDAY  and its value is = 0
# Days name = TUESDAY  and its value is = 1
# Days name = WEDNESDAY  and its value is = 5
# Days name = THURSDAY  and its value is = 7
# Days name = FRIDAY  and its value is = 10
# Days name = SATURDAY  and its value is = 11
# Days name = SUNDAY  and its value is = 12
# 
#  exit
# End time: 00:04:10 on Sep 01,2022, Elapsed time: 0:00:01
# Errors: 0, Warnings: 0
