# vsim conflict_with_inline -l conflict_with_inline_log.log -c -do "run -all;exit;" 
# Start time: 21:36:43 on Sep 21,2022
# ** Note: (vsim-3812) Design is being optimized...
# //  Questa Sim
# //  Version 10.6c linux Jul 25 2017
# //
# //  Copyright 1991-2017 Mentor Graphics Corporation
# //  All Rights Reserved.
# //
# //  QuestaSim and its associated documentation contain trade
# //  secrets and commercial or financial information that are the property of
# //  Mentor Graphics Corporation and are privileged, confidential,
# //  and exempt from disclosure under the Freedom of Information Act,
# //  5 U.S.C. Section 552. Furthermore, this information
# //  is prohibited from disclosure under the Trade Secrets Act,
# //  18 U.S.C. Section 1905.
# //
# Loading sv_std.std
# Loading work.conflict_with_inline_sv_unit(fast)
# Loading work.conflict_with_inline(fast)
# run -all
# 	Randomization Failed 	 @ iteration: 1 -----> value: 0
# 	Randomization Failed 	 @ iteration: 2 -----> value: 0
# exit
# End time: 21:36:45 on Sep 21,2022, Elapsed time: 0:00:02
# Errors: 0, Warnings: 0
