# vsim constraint_mode -l constraint_mode_code_output.log -c -do "run -all; exit;" 
# Start time: 19:52:32 on Sep 20,2022
# ** Note: (vsim-8009) Loading existing optimized design _opt
# //  Questa Sim
# //  Version 10.6c linux Jul 25 2017
# //
# //  Copyright 1991-2017 Mentor Graphics Corporation
# //  All Rights Reserved.
# //
# //  QuestaSim and its associated documentation contain trade
# //  secrets and commercial or financial information that are the property of
# //  Mentor Graphics Corporation and are privileged, confidential,
# //  and exempt from disclosure under the Freedom of Information Act,
# //  5 U.S.C. Section 552. Furthermore, this information
# //  is prohibited from disclosure under the Trade Secrets Act,
# //  18 U.S.C. Section 1905.
# //
# Loading sv_std.std
# Loading work.constraint_mode_code_sv_unit(fast)
# Loading work.constraint_mode(fast)
# run -all
# 	 If constraint is mode is 1 it will display the 5,10,15
# 	 If constraint is mode is 0 it will display the random values
# 	 Before Constraint disable
# 	 Value of constraint mode = 1
# 	data = 15
# 	 After Constraint disable
# 	 Value of constraint mode = 0
# 	data = 6
# 	data = 2
# 	data = 7
# 	data = 8
# 	data = 7
#  exit
# End time: 19:52:33 on Sep 20,2022, Elapsed time: 0:00:01
# Errors: 0, Warnings: 0
