# vsim -cvgperinstance outside -l cvgrp_outside.log -c -do "coverage save -onexit outside.ucdb;run -all;exit;" 
# Start time: 23:47:53 on Oct 07,2022
# ** Note: (vsim-8009) Loading existing optimized design _opt
# //  Questa Sim
# //  Version 10.6c linux Jul 25 2017
# //
# //  Copyright 1991-2017 Mentor Graphics Corporation
# //  All Rights Reserved.
# //
# //  QuestaSim and its associated documentation contain trade
# //  secrets and commercial or financial information that are the property of
# //  Mentor Graphics Corporation and are privileged, confidential,
# //  and exempt from disclosure under the Freedom of Information Act,
# //  5 U.S.C. Section 552. Furthermore, this information
# //  is prohibited from disclosure under the Trade Secrets Act,
# //  18 U.S.C. Section 1905.
# //
# Loading sv_std.std
# Loading work.cvgrp_outside_class_mod_sv_unit(fast)
# Loading work.outside(fast)
# coverage save -onexit outside.ucdb
# run -all
# a =0 b=2; coverage %= 18.75
# a =3 b=1; coverage %= 37.50
# a =0 b=0; coverage %= 50.00
# a =6 b=2; coverage %= 56.25
# a =3 b=0; coverage %= 56.25
# 56.250000
# exit
# Saving coverage database on exit...
# End time: 23:47:57 on Oct 07,2022, Elapsed time: 0:00:04
# Errors: 0, Warnings: 0
