# vsim work.fork_join_none -l fork_join_none.log -c -do "run -all;quit;" 
# Start time: 05:18:37 on Aug 25,2022
# ** Note: (vsim-8009) Loading existing optimized design _opt
# //  Questa Sim
# //  Version 10.6c linux Jul 25 2017
# //
# //  Copyright 1991-2017 Mentor Graphics Corporation
# //  All Rights Reserved.
# //
# //  QuestaSim and its associated documentation contain trade
# //  secrets and commercial or financial information that are the property of
# //  Mentor Graphics Corporation and are privileged, confidential,
# //  and exempt from disclosure under the Freedom of Information Act,
# //  5 U.S.C. Section 552. Furthermore, this information
# //  is prohibited from disclosure under the Trade Secrets Act,
# //  18 U.S.C. Section 1905.
# //
# Loading sv_std.std
# Loading work.fork_join_none(fast)
# run -all
# main_Thread-1: [5] starting of fork-join_none
# main_Thread-2: [5]assertions
# Thread-1: [5] basics of syatem verilog
# Thread-6: [5] fork_join_any
# main_Thread-3: [5] coverages
# Thread-4-1: [6] processes
# Thread-5-2: [6] nested_fork
# Thread-2: [8] data types
# Thread-4-2: [9] communications
# Thread-3: [10] control-flow
# Thread-5-1: [12] oops
# main_Thread-4: [15] ending of fork-join
# quit
# End time: 05:18:37 on Aug 25,2022, Elapsed time: 0:00:00
# Errors: 0, Warnings: 0
