# vsim ran_fun -l random_function_log.log -c -do "run -all; exit;" 
# Start time: 03:56:12 on Sep 16,2022
# ** Note: (vsim-8009) Loading existing optimized design _opt
# //  Questa Sim
# //  Version 10.6c linux Jul 25 2017
# //
# //  Copyright 1991-2017 Mentor Graphics Corporation
# //  All Rights Reserved.
# //
# //  QuestaSim and its associated documentation contain trade
# //  secrets and commercial or financial information that are the property of
# //  Mentor Graphics Corporation and are privileged, confidential,
# //  and exempt from disclosure under the Freedom of Information Act,
# //  5 U.S.C. Section 552. Furthermore, this information
# //  is prohibited from disclosure under the Trade Secrets Act,
# //  18 U.S.C. Section 1905.
# //
# Loading sv_std.std
# Loading work.ran_fun(fast)
# run -all
# a=$random()      // Return 32 bit signed random variable
# Random Value of a  =  303379748
# -----------------------------------------------------------------------
# b = $urandom()   // Return 32 bit unsigned random value .
# Random Value of b = 0
# ----------------------------------------------------------------------
# c = $random_range(4,2)   // Return the unsigned random number
#                           by giving the range to the variable
# Random value of c = 3
# ------------------------------------------------------------------------
#  $random(seed);     // assign some seed value, it will display 32 bit 
#                          signed random value for the given seed value 
# d = $random(23);  // Seed value =23
# Random value of d = -2145894912
# ---------------------------------------------------------------------------
# $urandom(seed);  // assign the seed value , it will display 32 bit 
#                     unsigned random value for the given seed value 
# e = $urandom(4);  // Seed value = 4;
# Random value of e = 37
# -----------------------------------------------------------------------------
#  exit
# End time: 03:56:13 on Sep 16,2022, Elapsed time: 0:00:01
# Errors: 0, Warnings: 0
