# vsim soft_without_conflict -l soft_without_conflict_output.log -c -do "run -all; exit;" 
# Start time: 11:16:54 on Sep 20,2022
# ** Note: (vsim-8009) Loading existing optimized design _opt
# //  Questa Sim
# //  Version 10.6c linux Jul 25 2017
# //
# //  Copyright 1991-2017 Mentor Graphics Corporation
# //  All Rights Reserved.
# //
# //  QuestaSim and its associated documentation contain trade
# //  secrets and commercial or financial information that are the property of
# //  Mentor Graphics Corporation and are privileged, confidential,
# //  and exempt from disclosure under the Freedom of Information Act,
# //  5 U.S.C. Section 552. Furthermore, this information
# //  is prohibited from disclosure under the Trade Secrets Act,
# //  18 U.S.C. Section 1905.
# //
# Loading sv_std.std
# Loading work.soft_without_conflict_sv_unit(fast)
# Loading work.soft_without_conflict(fast)
# run -all
# without using soft constraint output
# 
#  	 a=0 value =9
# 
#  	 a=1 value =6
# 
#  	 a=2 value =6
# 
#  	 a=3 value =15
# 
#  	 a=4 value =12
# 
#  	 output of without conflict
# 
#  	 a=0 value =8
# 
#  	 a=1 value =7
# 
#  	 a=2 value =6
# 
#  	 a=3 value =8
# 
#  	 a=4 value =7
#  exit
# End time: 11:16:55 on Sep 20,2022, Elapsed time: 0:00:01
# Errors: 0, Warnings: 0
