# vsim sample -l fork_join.log -c -do "run -all;quit;" 
# Start time: 03:37:36 on Aug 22,2022
# ** Note: (vsim-3812) Design is being optimized...
# //  Questa Sim
# //  Version 10.6c linux Jul 25 2017
# //
# //  Copyright 1991-2017 Mentor Graphics Corporation
# //  All Rights Reserved.
# //
# //  QuestaSim and its associated documentation contain trade
# //  secrets and commercial or financial information that are the property of
# //  Mentor Graphics Corporation and are privileged, confidential,
# //  and exempt from disclosure under the Freedom of Information Act,
# //  5 U.S.C. Section 552. Furthermore, this information
# //  is prohibited from disclosure under the Trade Secrets Act,
# //  18 U.S.C. Section 1905.
# //
# Loading sv_std.std
# Loading work.sample(fast)
# run -all
# [5] starting of fork-join
# [5] basics of syatem verilog
# [5] nested_fork
# [6] processes
# [6] coverages
# [8] data types
# [9] communications
# [10] control-flow
# [12] oops
# [14]assertions
# [24] ending of fork-join
# quit
# End time: 03:37:37 on Aug 22,2022, Elapsed time: 0:00:01
# Errors: 0, Warnings: 0
