# vsim bitwise_code -l bitwise_code_output.log -c -do "run -all; exit;" 
# Start time: 10:30:47 on Sep 07,2022
# ** Note: (vsim-3813) Design is being optimized due to module recompilation...
# //  Questa Sim
# //  Version 10.6c linux Jul 25 2017
# //
# //  Copyright 1991-2017 Mentor Graphics Corporation
# //  All Rights Reserved.
# //
# //  QuestaSim and its associated documentation contain trade
# //  secrets and commercial or financial information that are the property of
# //  Mentor Graphics Corporation and are privileged, confidential,
# //  and exempt from disclosure under the Freedom of Information Act,
# //  5 U.S.C. Section 552. Furthermore, this information
# //  is prohibited from disclosure under the Trade Secrets Act,
# //  18 U.S.C. Section 1905.
# //
# Loading sv_std.std
# Loading work.bitwise_code(fast)
# run -all
# 
#  	 the value of a is 1101
# 
#  	 the value of b is 101
# 
#  	 the bitwise NOT (~a) operator output is 10
# 
#  	 the bitwise AND (a&b) operator output is 101
# 
#  	 the bitwise OR (a|c) operator output is 1111
# 
#  	 the bitwise XOR (a^b) operator output is 1000
# 
#  	 the bitwise NAND ~(a&b) operator output is 1010
# 
#  	 the bitwise NOR ~(b|a) operator output is 10
# 
#  	 the bitwise XNOR ~(a^b) operator output is 111
#  exit
# End time: 10:30:48 on Sep 07,2022, Elapsed time: 0:00:01
# Errors: 0, Warnings: 0
