# vsim work.unique_case -l unique_case_log.log -c -do "run -all;exit;" 
# Start time: 11:13:52 on Aug 26,2022
# ** Note: (vsim-3812) Design is being optimized...
# ** Warning: unique_case.sv(30): (vopt-2584) there is a matching case item hence not unique
# //  Questa Sim
# //  Version 10.6c linux Jul 25 2017
# //
# //  Copyright 1991-2017 Mentor Graphics Corporation
# //  All Rights Reserved.
# //
# //  QuestaSim and its associated documentation contain trade
# //  secrets and commercial or financial information that are the property of
# //  Mentor Graphics Corporation and are privileged, confidential,
# //  and exempt from disclosure under the Freedom of Information Act,
# //  5 U.S.C. Section 552. Furthermore, this information
# //  is prohibited from disclosure under the Trade Secrets Act,
# //  18 U.S.C. Section 1905.
# //
# Loading sv_std.std
# Loading work.unique_case(fast)
# run -all
# ** Warning: (vsim-8315) unique_case.sv(38): No condition is true in the unique/priority if/case statement.
#    Time: 0 ns  Iteration: 1  Instance: /unique_case
# ** Warning: (vsim-8360) unique_case.sv(28): The if/case statement is not unique.
#    Time: 1 ns  Iteration: 1  Instance: /unique_case
# [1] case value is 1
# ** Note: $finish    : unique_case.sv(18)
#    Time: 2 ns  Iteration: 0  Instance: /unique_case
# End time: 11:13:52 on Aug 26,2022, Elapsed time: 0:00:00
# Errors: 0, Warnings: 3
