# vsim priorityif_2 -l priorityif_2_log.log -c -do "run -all; exit;" 
# Start time: 06:46:59 on Sep 06,2022
# ** Note: (vsim-8009) Loading existing optimized design _opt
# //  Questa Sim
# //  Version 10.6c linux Jul 25 2017
# //
# //  Copyright 1991-2017 Mentor Graphics Corporation
# //  All Rights Reserved.
# //
# //  QuestaSim and its associated documentation contain trade
# //  secrets and commercial or financial information that are the property of
# //  Mentor Graphics Corporation and are privileged, confidential,
# //  and exempt from disclosure under the Freedom of Information Act,
# //  5 U.S.C. Section 552. Furthermore, this information
# //  is prohibited from disclosure under the Trade Secrets Act,
# //  18 U.S.C. Section 1905.
# //
# Loading sv_std.std
# Loading work.priorityif_2(fast)
# run -all
# The value of a =10  b = 20  c = 30 
# -----------------------------------------------
# Inside the first else if block
# b<c
# Out from the conditional block 
#  exit
# End time: 06:47:00 on Sep 06,2022, Elapsed time: 0:00:01
# Errors: 0, Warnings: 0
