# vsim top -l interface.log -c -do "run -all; exit;" 
# Start time: 01:22:22 on Sep 06,2022
# ** Note: (vsim-3812) Design is being optimized...
# //  Questa Sim
# //  Version 10.6c linux Jul 25 2017
# //
# //  Copyright 1991-2017 Mentor Graphics Corporation
# //  All Rights Reserved.
# //
# //  QuestaSim and its associated documentation contain trade
# //  secrets and commercial or financial information that are the property of
# //  Mentor Graphics Corporation and are privileged, confidential,
# //  and exempt from disclosure under the Freedom of Information Act,
# //  5 U.S.C. Section 552. Furthermore, this information
# //  is prohibited from disclosure under the Trade Secrets Act,
# //  18 U.S.C. Section 1905.
# //
# Loading sv_std.std
# Loading work.top(fast)
# run -all
# 
# // and gate output
# 
# input_a=0	 input_b=0	 output_y=0
# 
# input_a=1	 input_b=0	 output_y=0
# 
# input_a=0	 input_b=1	 output_y=0
# 
# input_a=1	 input_b=1	 output_y=1
#  exit
# End time: 01:22:24 on Sep 06,2022, Elapsed time: 0:00:02
# Errors: 0, Warnings: 0
