# vsim solve_before -l solve_before_log.log -c -do "run -all;exit;" 
# Start time: 13:08:48 on Sep 20,2022
# ** Note: (vsim-3813) Design is being optimized due to module recompilation...
# //  Questa Sim
# //  Version 10.6c linux Jul 25 2017
# //
# //  Copyright 1991-2017 Mentor Graphics Corporation
# //  All Rights Reserved.
# //
# //  QuestaSim and its associated documentation contain trade
# //  secrets and commercial or financial information that are the property of
# //  Mentor Graphics Corporation and are privileged, confidential,
# //  and exempt from disclosure under the Freedom of Information Act,
# //  5 U.S.C. Section 552. Furthermore, this information
# //  is prohibited from disclosure under the Trade Secrets Act,
# //  18 U.S.C. Section 1905.
# //
# Loading sv_std.std
# Loading work.solve_before_sv_unit(fast)
# Loading work.solve_before(fast)
# run -all
# 	------Without solve before----------
# [0m	[1] @ iteration: 1 -----> value1: 0 	 value2: 10[0m
# [0m	[2] @ iteration: 2 -----> value1: 0 	 value2: 10[0m
# [0m	[3] @ iteration: 3 -----> value1: 0 	 value2: 0[0m
# [0m	[4] @ iteration: 4 -----> value1: 0 	 value2: 7[0m
# [0m	[5] @ iteration: 5 -----> value1: 0 	 value2: 13[0m
# [0m	[6] @ iteration: 6 -----> value1: 0 	 value2: 14[0m
# [0m	[7] @ iteration: 7 -----> value1: 0 	 value2: 4[0m
# [0m	[8] @ iteration: 8 -----> value1: 0 	 value2: 1[0m
# [0m	[9] @ iteration: 9 -----> value1: 0 	 value2: 13[0m
# [0m	[10] @ iteration: 10 -----> value1: 0 	 value2: 10[0m
# [0m	[11] @ iteration: 11 -----> value1: 0 	 value2: 4[0m
# [0m	[12] @ iteration: 12 -----> value1: 0 	 value2: 11[0m
# [0m	[13] @ iteration: 13 -----> value1: 0 	 value2: 12[0m
# [0m	[14] @ iteration: 14 -----> value1: 0 	 value2: 5[0m
# [0m	[15] @ iteration: 15 -----> value1: 0 	 value2: 13[0m
# [0m	[16] @ iteration: 16 -----> value1: 0 	 value2: 7[0m
# [0m	[17] @ iteration: 17 -----> value1: 0 	 value2: 15[0m
# [0m	[18] @ iteration: 18 -----> value1: 0 	 value2: 0[0m
# [0m	[19] @ iteration: 19 -----> value1: 0 	 value2: 13[0m
# [0m	[20] @ iteration: 20 -----> value1: 0 	 value2: 9[0m
# [0m	[21] @ iteration: 21 -----> value1: 0 	 value2: 7[0m
# [0m	[22] @ iteration: 22 -----> value1: 0 	 value2: 14[0m
# [0m	[23] @ iteration: 23 -----> value1: 0 	 value2: 11[0m
# [0m	[24] @ iteration: 24 -----> value1: 0 	 value2: 12[0m
# [0m	[25] @ iteration: 25 -----> value1: 0 	 value2: 10[0m
# [1;31m	[26] @ iteration: 26 -----> value1: 1 	 value2: 1[0m
# [0m	[27] @ iteration: 27 -----> value1: 0 	 value2: 13[0m
# [0m	[28] @ iteration: 28 -----> value1: 0 	 value2: 12[0m
# [0m	[29] @ iteration: 29 -----> value1: 0 	 value2: 4[0m
# [0m	[30] @ iteration: 30 -----> value1: 0 	 value2: 10[0m
# [0m	[31] @ iteration: 31 -----> value1: 0 	 value2: 3[0m
# [0m	[32] @ iteration: 32 -----> value1: 0 	 value2: 1[0m
# 
# 	 -----with solve before--------
# [1;31m	[33] @ iteration: 1 -----> value1: 1 	 value2: 1[0m
# [0m	[34] @ iteration: 2 -----> value1: 0 	 value2: 12[0m
# [1;31m	[35] @ iteration: 3 -----> value1: 1 	 value2: 1[0m
# [0m	[36] @ iteration: 4 -----> value1: 0 	 value2: 12[0m
# [0m	[37] @ iteration: 5 -----> value1: 0 	 value2: 7[0m
# [1;31m	[38] @ iteration: 6 -----> value1: 1 	 value2: 1[0m
# [1;31m	[39] @ iteration: 7 -----> value1: 1 	 value2: 1[0m
# [0m	[40] @ iteration: 8 -----> value1: 0 	 value2: 8[0m
# [0m	[41] @ iteration: 9 -----> value1: 0 	 value2: 15[0m
# [1;31m	[42] @ iteration: 10 -----> value1: 1 	 value2: 1[0m
# exit
# End time: 13:08:49 on Sep 20,2022, Elapsed time: 0:00:01
# Errors: 0, Warnings: 0
