# vsim unionpacked -l unionpack.log -c -do "run -all;quit;" 
# Start time: 21:42:38 on Aug 29,2022
# ** Note: (vsim-3813) Design is being optimized due to module recompilation...
# //  Questa Sim
# //  Version 10.6c linux Jul 25 2017
# //
# //  Copyright 1991-2017 Mentor Graphics Corporation
# //  All Rights Reserved.
# //
# //  QuestaSim and its associated documentation contain trade
# //  secrets and commercial or financial information that are the property of
# //  Mentor Graphics Corporation and are privileged, confidential,
# //  and exempt from disclosure under the Freedom of Information Act,
# //  5 U.S.C. Section 552. Furthermore, this information
# //  is prohibited from disclosure under the Trade Secrets Act,
# //  18 U.S.C. Section 1905.
# //
# Loading sv_std.std
# Loading work.unionpack_sv_unit(fast)
# Loading work.unionpacked(fast)
# run -all
# 
#  abc.B = ab
# 
#  abc.C = cd
# 
#  size is:          8
# quit
# End time: 21:42:38 on Aug 29,2022, Elapsed time: 0:00:00
# Errors: 0, Warnings: 0
