# vsim class_example -l this_op.log -c -do "run -all;quit;" 
# Start time: 13:06:01 on Sep 13,2022
# ** Note: (vsim-8009) Loading existing optimized design _opt
# //  Questa Sim
# //  Version 10.6c linux Jul 25 2017
# //
# //  Copyright 1991-2017 Mentor Graphics Corporation
# //  All Rights Reserved.
# //
# //  QuestaSim and its associated documentation contain trade
# //  secrets and commercial or financial information that are the property of
# //  Mentor Graphics Corporation and are privileged, confidential,
# //  and exempt from disclosure under the Freedom of Information Act,
# //  5 U.S.C. Section 552. Furthermore, this information
# //  is prohibited from disclosure under the Trade Secrets Act,
# //  18 U.S.C. Section 1905.
# //
# Loading sv_std.std
# Loading work.this_sv_unit(fast)
# Loading work.class_example(fast)
# run -all
# Value of light = 1, fan = 1
# quit
# End time: 13:06:02 on Sep 13,2022, Elapsed time: 0:00:01
# Errors: 0, Warnings: 0
