# vsim fine_suspend -l fine_suspend.log -c -do "run -all;quit;" 
# Start time: 21:46:55 on Sep 06,2022
# ** Note: (vsim-3812) Design is being optimized...
# //  Questa Sim
# //  Version 10.6c linux Jul 25 2017
# //
# //  Copyright 1991-2017 Mentor Graphics Corporation
# //  All Rights Reserved.
# //
# //  QuestaSim and its associated documentation contain trade
# //  secrets and commercial or financial information that are the property of
# //  Mentor Graphics Corporation and are privileged, confidential,
# //  and exempt from disclosure under the Freedom of Information Act,
# //  5 U.S.C. Section 552. Furthermore, this information
# //  is prohibited from disclosure under the Trade Secrets Act,
# //  18 U.S.C. Section 1905.
# //
# Loading sv_std.std
# Loading work.fine_suspend(fast)
# run -all
# [0] Seeking status:
# [1] I am in process p1
# [1] Initial status of p1: RUNNING
# [2] Status of p1 before suspending: RUNNING
# [2] I am in process p2
# [2] Initial status of p2: RUNNING
# [3] Final status of p1: SUSPENDED
# [3] Final status of p2: FINISHED
# quit
# End time: 21:46:56 on Sep 06,2022, Elapsed time: 0:00:01
# Errors: 0, Warnings: 0
