# vsim formal_argument -l formal_argument.log -c -do "run -all; exit;" 
# Start time: 23:06:15 on Oct 09,2022
# ** Note: (vsim-8009) Loading existing optimized design _opt
# //  Questa Sim
# //  Version 10.6c linux Jul 25 2017
# //
# //  Copyright 1991-2017 Mentor Graphics Corporation
# //  All Rights Reserved.
# //
# //  QuestaSim and its associated documentation contain trade
# //  secrets and commercial or financial information that are the property of
# //  Mentor Graphics Corporation and are privileged, confidential,
# //  and exempt from disclosure under the Freedom of Information Act,
# //  5 U.S.C. Section 552. Furthermore, this information
# //  is prohibited from disclosure under the Trade Secrets Act,
# //  18 U.S.C. Section 1905.
# //
# Loading sv_std.std
# Loading work.formal_argument(fast)
# run -all
# ** Error: Assertion error.
#    Time: 225 ns Started: 219 ns  Scope: formal_argument.req_gnt_notype_assert File: formal_argument.sv Line: 25
# ** Error: Assertion error.
#    Time: 447 ns Started: 441 ns  Scope: formal_argument.c_d_type_assert File: formal_argument.sv Line: 26
# ** Note: $finish    : formal_argument.sv(54)
#    Time: 457 ns  Iteration: 0  Instance: /formal_argument
# End time: 23:06:15 on Oct 09,2022, Elapsed time: 0:00:00
# Errors: 2, Warnings: 0
