# vsim shift_code -l shift_code_output.log -c -do "run -all; exit;" 
# Start time: 11:32:50 on Sep 07,2022
# ** Note: (vsim-3813) Design is being optimized due to module recompilation...
# //  Questa Sim
# //  Version 10.6c linux Jul 25 2017
# //
# //  Copyright 1991-2017 Mentor Graphics Corporation
# //  All Rights Reserved.
# //
# //  QuestaSim and its associated documentation contain trade
# //  secrets and commercial or financial information that are the property of
# //  Mentor Graphics Corporation and are privileged, confidential,
# //  and exempt from disclosure under the Freedom of Information Act,
# //  5 U.S.C. Section 552. Furthermore, this information
# //  is prohibited from disclosure under the Trade Secrets Act,
# //  18 U.S.C. Section 1905.
# //
# Loading sv_std.std
# Loading work.shift_code(fast)
# run -all
# 
#  	 the value of a is 1011
# 
#  	 the value signed number of b is 1100
# 
#  	 the a of logical left shift(a<<2) operator output is 1100
# 
#  	 the b logical right shift(b>>2) operator output is 11
# 
#  	 the a Arithmetic left shift(a<<<1) operator output is 110
# 
#  	 the b Arithmetic right shift(b>>>3) operator output is 1111
#  exit
# End time: 11:32:51 on Sep 07,2022, Elapsed time: 0:00:01
# Errors: 0, Warnings: 0
