# vsim forever_loop -l forever_loop_output.log -c -do "run -all; exit;" 
# Start time: 05:18:32 on Aug 25,2022
# ** Note: (vsim-8009) Loading existing optimized design _opt
# //  Questa Sim
# //  Version 10.6c linux Jul 25 2017
# //
# //  Copyright 1991-2017 Mentor Graphics Corporation
# //  All Rights Reserved.
# //
# //  QuestaSim and its associated documentation contain trade
# //  secrets and commercial or financial information that are the property of
# //  Mentor Graphics Corporation and are privileged, confidential,
# //  and exempt from disclosure under the Freedom of Information Act,
# //  5 U.S.C. Section 552. Furthermore, this information
# //  is prohibited from disclosure under the Trade Secrets Act,
# //  18 U.S.C. Section 1905.
# //
# Loading sv_std.std
# Loading work.forever_loop(fast)
# run -all
# ----------
# 	Value of a=0
# 	Value of a=1
# 	Value of a=2
# 	Value of a=3
# ** Note: $finish    : forever_code.sv(23)
#    Time: 20 ns  Iteration: 0  Instance: /forever_loop
# End time: 05:18:33 on Aug 25,2022, Elapsed time: 0:00:01
# Errors: 0, Warnings: 0
