# vsim work.fork_join_any -l fork_join_any.log -c -do "run -all;quit;" 
# Start time: 05:16:26 on Sep 05,2022
# ** Note: (vsim-3812) Design is being optimized...
# //  Questa Sim
# //  Version 10.6c linux Jul 25 2017
# //
# //  Copyright 1991-2017 Mentor Graphics Corporation
# //  All Rights Reserved.
# //
# //  QuestaSim and its associated documentation contain trade
# //  secrets and commercial or financial information that are the property of
# //  Mentor Graphics Corporation and are privileged, confidential,
# //  and exempt from disclosure under the Freedom of Information Act,
# //  5 U.S.C. Section 552. Furthermore, this information
# //  is prohibited from disclosure under the Trade Secrets Act,
# //  18 U.S.C. Section 1905.
# //
# Loading sv_std.std
# Loading work.fork_join_any(fast)
# run -all
# [0] main_Th:Starting of fork_join_any
# T-1:[0] Values of a =Kapu,b =,c =Malpe,d =
# T-1_2: [1] Values of a =Kapu,b =Kapu,c =Malpe,d =
# T-3: [2] Values of a =Kapu,b =Kapu,c =Malpe,d =
# T-2: [3] Values of a =Kapu,b =Kapu,c =Malpe,d =
# T-4: [4] Values of a =Kapu,b =Kapu,c =Malpe,d =Kodi
# quit
# End time: 05:16:27 on Sep 05,2022, Elapsed time: 0:00:01
# Errors: 0, Warnings: 0
