# vsim semaphore_example_1 -l sema_exm1.log -c -do "run -all;quit;" 
# Start time: 21:28:15 on Oct 09,2022
# ** Note: (vsim-3812) Design is being optimized...
# //  Questa Sim
# //  Version 10.6c linux Jul 25 2017
# //
# //  Copyright 1991-2017 Mentor Graphics Corporation
# //  All Rights Reserved.
# //
# //  QuestaSim and its associated documentation contain trade
# //  secrets and commercial or financial information that are the property of
# //  Mentor Graphics Corporation and are privileged, confidential,
# //  and exempt from disclosure under the Freedom of Information Act,
# //  5 U.S.C. Section 552. Furthermore, this information
# //  is prohibited from disclosure under the Trade Secrets Act,
# //  18 U.S.C. Section 1905.
# //
# Loading sv_std.std
# Loading work.semaphore_example_1(fast)
# run -all
# In first initial block At time=[0] 
# Thread 1:Accessing 4 keys from semaphore At time=[0] 
# In second initial block At time=[0] 
# Thread 2:Accessing 2 keys from semaphore At time=[0] 
# Thread 1:Done using 4 keys At time=[5] 
# Thread 2:Done using 2 keys At time=[10] 
# quit
# End time: 21:28:16 on Oct 09,2022, Elapsed time: 0:00:01
# Errors: 0, Warnings: 0
