# vsim work.task_from_func -l task_from_func_log.log -c -do "run -all;exit;" 
# Start time: 11:08:14 on Sep 05,2022
# ** Note: (vsim-8009) Loading existing optimized design _opt
# //  Questa Sim
# //  Version 10.6c linux Jul 25 2017
# //
# //  Copyright 1991-2017 Mentor Graphics Corporation
# //  All Rights Reserved.
# //
# //  QuestaSim and its associated documentation contain trade
# //  secrets and commercial or financial information that are the property of
# //  Mentor Graphics Corporation and are privileged, confidential,
# //  and exempt from disclosure under the Freedom of Information Act,
# //  5 U.S.C. Section 552. Furthermore, this information
# //  is prohibited from disclosure under the Trade Secrets Act,
# //  18 U.S.C. Section 1905.
# //
# Loading sv_std.std
# Loading work.task_from_func(fast)
# run -all
# 	@ 0 ns, In the initial block
# 	calling function
# 	@ 1 ns I'm in function
# 	@ 1 ns, calling task from func
# 	@ 2 ns , I'm in task
# 	@ 3 ns,leaving from task
# exit
# End time: 11:08:15 on Sep 05,2022, Elapsed time: 0:00:01
# Errors: 0, Warnings: 0
