# vsim priorityif_3 -l priorityif_3_log.log -c -do "run -all; exit;" 
# Start time: 06:47:52 on Sep 06,2022
# ** Note: (vsim-8009) Loading existing optimized design _opt
# //  Questa Sim
# //  Version 10.6c linux Jul 25 2017
# //
# //  Copyright 1991-2017 Mentor Graphics Corporation
# //  All Rights Reserved.
# //
# //  QuestaSim and its associated documentation contain trade
# //  secrets and commercial or financial information that are the property of
# //  Mentor Graphics Corporation and are privileged, confidential,
# //  and exempt from disclosure under the Freedom of Information Act,
# //  5 U.S.C. Section 552. Furthermore, this information
# //  is prohibited from disclosure under the Trade Secrets Act,
# //  18 U.S.C. Section 1905.
# //
# Loading sv_std.std
# Loading work.priorityif_3(fast)
# run -all
# Total bill = 6000
# ------------------------
# ** Warning: (vsim-8315) priorityif_3.sv(9): No condition is true in the unique/priority if/case statement.
#    Time: 0 ns  Iteration: 0  Instance: /priorityif_3
# Out from the conditional block
# Do more shopping for more discount ......
#  exit
# End time: 06:47:53 on Sep 06,2022, Elapsed time: 0:00:01
# Errors: 0, Warnings: 1
