# vsim string_o -l string_op.log -c -do "run -all;quit;" 
# Start time: 21:13:12 on Aug 25,2022
# ** Note: (vsim-8009) Loading existing optimized design _opt
# //  Questa Sim
# //  Version 10.6c linux Jul 25 2017
# //
# //  Copyright 1991-2017 Mentor Graphics Corporation
# //  All Rights Reserved.
# //
# //  QuestaSim and its associated documentation contain trade
# //  secrets and commercial or financial information that are the property of
# //  Mentor Graphics Corporation and are privileged, confidential,
# //  and exempt from disclosure under the Freedom of Information Act,
# //  5 U.S.C. Section 552. Furthermore, this information
# //  is prohibited from disclosure under the Trade Secrets Act,
# //  18 U.S.C. Section 1905.
# //
# Loading sv_std.std
# Loading work.string_o(fast)
# run -all
# 
# str1 = Manipal
# str2 = Udupi
# 
# // str1 == str2, Equality operator
# // Output of equality operator
# string1 and string2 are not equal
# 
# // str1 != str2, Inequality operator
# // Output of inequality operator
# string1 and string2 are not equal
# 
# // Comparision operator ( > => < <= ), compares ascii value
# // Output of comparision operator
# String1 < String2 
# String1 <= String2 
# 
# // Concatenation of str1 and str2,{str1,str2}
# // Output of concatenation operator
# ManipalUdupi
# 
# // Replication of str1,{2{str1}}
# // Output of replication operator
# ManipalManipal
# 
# // Displaying index letter of a string,str1[i]
# // Output
# M 
# a 
# n 
# i 
# p 
# a 
# l 
# 
# quit
# End time: 21:13:13 on Aug 25,2022, Elapsed time: 0:00:01
# Errors: 0, Warnings: 0
