# vsim table_for_loop -l tabe_for_loop_output.log -c -do "run -all; exit;" 
# Start time: 21:55:56 on Sep 06,2022
# ** Note: (vsim-3812) Design is being optimized...
# //  Questa Sim
# //  Version 10.6c linux Jul 25 2017
# //
# //  Copyright 1991-2017 Mentor Graphics Corporation
# //  All Rights Reserved.
# //
# //  QuestaSim and its associated documentation contain trade
# //  secrets and commercial or financial information that are the property of
# //  Mentor Graphics Corporation and are privileged, confidential,
# //  and exempt from disclosure under the Freedom of Information Act,
# //  5 U.S.C. Section 552. Furthermore, this information
# //  is prohibited from disclosure under the Trade Secrets Act,
# //  18 U.S.C. Section 1905.
# //
# Loading sv_std.std
# Loading work.table_for_loop(fast)
# run -all
# 	 ----Tables using nested for---
# 
# 	1 Table:
# 
# 	 1 X 1 = 1
# 	 1 X 2 = 2
# 	 1 X 3 = 3
# 	 1 X 4 = 4
# 	 1 X 5 = 5
# 	 1 X 6 = 6
# 	 1 X 7 = 7
# 	 1 X 8 = 8
# 	 1 X 9 = 9
# 	 1 X 10 = 10
# 
# 	2 Table:
# 
# 	 2 X 1 = 2
# 	 2 X 2 = 4
# 	 2 X 3 = 6
# 	 2 X 4 = 8
# 	 2 X 5 = 10
# 	 2 X 6 = 12
# 	 2 X 7 = 14
# 	 2 X 8 = 16
# 	 2 X 9 = 18
# 	 2 X 10 = 20
# 
# 	 ----out of loop----
#  exit
# End time: 21:55:58 on Sep 06,2022, Elapsed time: 0:00:02
# Errors: 0, Warnings: 0
