# vsim unique_if2 -l unique_if2_log.log -c -do "run -all; exit;" 
# Start time: 05:18:25 on Sep 06,2022
# ** Note: (vsim-8009) Loading existing optimized design _opt
# //  Questa Sim
# //  Version 10.6c linux Jul 25 2017
# //
# //  Copyright 1991-2017 Mentor Graphics Corporation
# //  All Rights Reserved.
# //
# //  QuestaSim and its associated documentation contain trade
# //  secrets and commercial or financial information that are the property of
# //  Mentor Graphics Corporation and are privileged, confidential,
# //  and exempt from disclosure under the Freedom of Information Act,
# //  5 U.S.C. Section 552. Furthermore, this information
# //  is prohibited from disclosure under the Trade Secrets Act,
# //  18 U.S.C. Section 1905.
# //
# Loading sv_std.std
# Loading work.unique_if2(fast)
# run -all
# The value of a = 12
# ------------------------
# ** Warning: (vsim-8360) unique_if2.sv(11): The if/case statement is not unique.
#    Time: 0 ns  Iteration: 0  Instance: /unique_if2
# Inside the unique if block 
# a is an even number.
# Out from the conditional blocks
# ---------------------------------
#  exit
# End time: 05:18:25 on Sep 06,2022, Elapsed time: 0:00:00
# Errors: 0, Warnings: 1
