# vsim string_m -l string_method.log -c -do "run -all;quit;" 
# Start time: 21:09:35 on Aug 25,2022
# ** Note: (vsim-3813) Design is being optimized due to module recompilation...
# //  Questa Sim
# //  Version 10.6c linux Jul 25 2017
# //
# //  Copyright 1991-2017 Mentor Graphics Corporation
# //  All Rights Reserved.
# //
# //  QuestaSim and its associated documentation contain trade
# //  secrets and commercial or financial information that are the property of
# //  Mentor Graphics Corporation and are privileged, confidential,
# //  and exempt from disclosure under the Freedom of Information Act,
# //  5 U.S.C. Section 552. Furthermore, this information
# //  is prohibited from disclosure under the Trade Secrets Act,
# //  18 U.S.C. Section 1905.
# //
# Loading sv_std.std
# Loading work.string_m(fast)
# run -all
# 
# str=Manipal
# str1=mirafra
# 
# // str.len() - Returns length of string
# // Output of str.len()
# 7
# 
# // temp.putc() - Used to assign one character of string
# // Output of temp.putc(3, t)
# Mantpal
# 
# // str.getc() - Returns a character
# // Output of str.getc(1))
# a
# 
# // str.tolower() - Returns the lowercase of string
# // Output of str.tolower()
# manipal
# 
# // str.toupper() - Returns the uppercase of string
# // Output of str.toupper()
# MANIPAL
# 
# // str.compare() - Returns the string compared result in ascii format
# // Output of str.compare(str1)
#         -32
# 
# // str.icompare() - Returns caseless string compared result in ascii format
# // Output of str.icompare(str1)
#          -8
# 
# // str.substr(1,2) - Returns the sub string of main string
# // Output of str.substr(1,2)
# an
# 
# quit
# End time: 21:09:37 on Aug 25,2022, Elapsed time: 0:00:02
# Errors: 0, Warnings: 0
