# vsim emp_info -l struct-packed.log -c -do "run -all;quit;" 
# Start time: 08:39:20 on Aug 25,2022
# ** Note: (vsim-8009) Loading existing optimized design _opt1
# //  Questa Sim
# //  Version 10.6c linux Jul 25 2017
# //
# //  Copyright 1991-2017 Mentor Graphics Corporation
# //  All Rights Reserved.
# //
# //  QuestaSim and its associated documentation contain trade
# //  secrets and commercial or financial information that are the property of
# //  Mentor Graphics Corporation and are privileged, confidential,
# //  and exempt from disclosure under the Freedom of Information Act,
# //  5 U.S.C. Section 552. Furthermore, this information
# //  is prohibited from disclosure under the Trade Secrets Act,
# //  18 U.S.C. Section 1905.
# //
# Loading sv_std.std
# Loading work.struct2dpacked_sv_unit(fast)
# Loading work.emp_info(fast)
# run -all
# 
#  Packed structure example
# 
#  structure name = employee_details
# 
#  emp_info = '{id:43, experience:2, salary:25000}
# 
#  emp_info = '{id:67, experience:4, salary:50000}
# 
# quit
# End time: 08:39:21 on Aug 25,2022, Elapsed time: 0:00:01
# Errors: 0, Warnings: 0
