# vsim task1 task2 -l global_task_log.log -c -do "run -all;exit;" 
# Start time: 21:53:58 on Sep 06,2022
# ** Note: (vsim-3812) Design is being optimized...
# //  Questa Sim
# //  Version 10.6c linux Jul 25 2017
# //
# //  Copyright 1991-2017 Mentor Graphics Corporation
# //  All Rights Reserved.
# //
# //  QuestaSim and its associated documentation contain trade
# //  secrets and commercial or financial information that are the property of
# //  Mentor Graphics Corporation and are privileged, confidential,
# //  and exempt from disclosure under the Freedom of Information Act,
# //  5 U.S.C. Section 552. Furthermore, this information
# //  is prohibited from disclosure under the Trade Secrets Act,
# //  18 U.S.C. Section 1905.
# //
# Loading sv_std.std
# Loading work.global_task_sv_unit(fast)
# Loading work.task1(fast)
# Loading work.task2(fast)
# run -all
# 	 ----output of global task----
# 	 @ 1 ns , 5 X 6 = 30
# 	 @ 3 ns , 7 X 8 = 56
# exit
# End time: 21:53:59 on Sep 06,2022, Elapsed time: 0:00:01
# Errors: 0, Warnings: 0
