# vsim top -l top.log -c -do "run -all; exit;" 
# Start time: 07:47:29 on Sep 21,2022
# ** Note: (vsim-8009) Loading existing optimized design _opt
# //  Questa Sim
# //  Version 10.6c linux Jul 25 2017
# //
# //  Copyright 1991-2017 Mentor Graphics Corporation
# //  All Rights Reserved.
# //
# //  QuestaSim and its associated documentation contain trade
# //  secrets and commercial or financial information that are the property of
# //  Mentor Graphics Corporation and are privileged, confidential,
# //  and exempt from disclosure under the Freedom of Information Act,
# //  5 U.S.C. Section 552. Furthermore, this information
# //  is prohibited from disclosure under the Trade Secrets Act,
# //  18 U.S.C. Section 1905.
# //
# Loading sv_std.std
# Loading work.top_sv_unit(fast)
# Loading work.top(fast)
# Loading work.adder(fast)
# run -all
# 
# //INPUT:Inputs of full adder  
#  a=0, b=1, cin =1
# 
# //OUTPUT:Outputs of full adder 
#  sum=0, carry = 1
# 
# 
# //INPUT:Inputs of full adder  
#  a=1, b=1, cin =1
# 
# //OUTPUT:Outputs of full adder 
#  sum=1, carry = 1
# 
# 
# //INPUT:Inputs of full adder  
#  a=1, b=0, cin =1
# 
# //OUTPUT:Outputs of full adder 
#  sum=0, carry = 1
# 
# 
# //INPUT:Inputs of full adder  
#  a=1, b=0, cin =1
# 
# //OUTPUT:Outputs of full adder 
#  sum=0, carry = 1
# 
# 
# //INPUT:Inputs of full adder  
#  a=1, b=0, cin =1
# 
# //OUTPUT:Outputs of full adder 
#  sum=0, carry = 1
# 
# 
# //INPUT:Inputs of full adder  
#  a=0, b=1, cin =0
# 
# //OUTPUT:Outputs of full adder 
#  sum=1, carry = 0
# 
# 
# //INPUT:Inputs of full adder  
#  a=1, b=1, cin =0
# 
# //OUTPUT:Outputs of full adder 
#  sum=0, carry = 1
# 
# 
# //INPUT:Inputs of full adder  
#  a=1, b=0, cin =0
# 
# //OUTPUT:Outputs of full adder 
#  sum=1, carry = 0
# 
# 
# //INPUT:Inputs of full adder  
#  a=0, b=1, cin =0
# 
# //OUTPUT:Outputs of full adder 
#  sum=1, carry = 0
# 
# 
# //INPUT:Inputs of full adder  
#  a=1, b=1, cin =1
# 
# //OUTPUT:Outputs of full adder 
#  sum=1, carry = 1
# 
#  exit
# End time: 07:47:30 on Sep 21,2022, Elapsed time: 0:00:01
# Errors: 0, Warnings: 0
