# vsim -cvgperinstance work.func_return_value -l func_return_value_log.log -c -do "coverage save -onexit func_return_value_report.ucdb;run -all;exit;" 
# Start time: 23:36:55 on Oct 07,2022
# ** Note: (vsim-3812) Design is being optimized...
# //  Questa Sim
# //  Version 10.6c linux Jul 25 2017
# //
# //  Copyright 1991-2017 Mentor Graphics Corporation
# //  All Rights Reserved.
# //
# //  QuestaSim and its associated documentation contain trade
# //  secrets and commercial or financial information that are the property of
# //  Mentor Graphics Corporation and are privileged, confidential,
# //  and exempt from disclosure under the Freedom of Information Act,
# //  5 U.S.C. Section 552. Furthermore, this information
# //  is prohibited from disclosure under the Trade Secrets Act,
# //  18 U.S.C. Section 1905.
# //
# Loading sv_std.std
# Loading work.func_return_value_sv_unit(fast)
# Loading work.func_return_value(fast)
# coverage save -onexit func_return_value_report.ucdb
# run -all
# a = 0, b = 1; add =           1
# 	coverage %=18.75
# a = 1, b = 0; add =           1
# 	coverage %=35.42
# a = 2, b = 3; add =           5
# 	coverage %=54.17
# a = 3, b = 2; add =           5
# 	coverage %=70.83
# a = 2, b = 0; add =           2
# 	coverage %=72.92
# exit
# Saving coverage database on exit...
# End time: 23:36:56 on Oct 07,2022, Elapsed time: 0:00:01
# Errors: 0, Warnings: 0
