# vsim work.func_return_arr -l func_return_arr_log.log -c -do "run -all;exit;" 
# Start time: 11:05:55 on Sep 05,2022
# ** Note: (vsim-3813) Design is being optimized due to module recompilation...
# //  Questa Sim
# //  Version 10.6c linux Jul 25 2017
# //
# //  Copyright 1991-2017 Mentor Graphics Corporation
# //  All Rights Reserved.
# //
# //  QuestaSim and its associated documentation contain trade
# //  secrets and commercial or financial information that are the property of
# //  Mentor Graphics Corporation and are privileged, confidential,
# //  and exempt from disclosure under the Freedom of Information Act,
# //  5 U.S.C. Section 552. Furthermore, this information
# //  is prohibited from disclosure under the Trade Secrets Act,
# //  18 U.S.C. Section 1905.
# //
# Loading sv_std.std
# Loading work.func_return_arr(fast)
# run -all
# 	 ----output for function returning an array-----
# 	 calling the function
# 	Entered the function
# 	 values assigned to array elements starts from 1
# 	returned from function
# 
# 	@ 0 ns, Array elements = 1 2 3 4 5
# exit
# End time: 11:05:56 on Sep 05,2022, Elapsed time: 0:00:01
# Errors: 0, Warnings: 0
