# vsim -cvgperinstance work.cover_point -l cover_point.log -c -do "coverage save -onexit cover_point_report.ucdb;run -all;exit;" 
# Start time: 23:32:52 on Oct 07,2022
# ** Note: (vsim-8009) Loading existing optimized design _opt
# //  Questa Sim
# //  Version 10.6c linux Jul 25 2017
# //
# //  Copyright 1991-2017 Mentor Graphics Corporation
# //  All Rights Reserved.
# //
# //  QuestaSim and its associated documentation contain trade
# //  secrets and commercial or financial information that are the property of
# //  Mentor Graphics Corporation and are privileged, confidential,
# //  and exempt from disclosure under the Freedom of Information Act,
# //  5 U.S.C. Section 552. Furthermore, this information
# //  is prohibited from disclosure under the Trade Secrets Act,
# //  18 U.S.C. Section 1905.
# //
# Loading sv_std.std
# Loading work.cover_point(fast)
# coverage save -onexit cover_point_report.ucdb
# run -all
# a= 2 coverage %=6.25
# a= 5 coverage %=12.50
# a= 0 coverage %=18.75
# a=12 coverage %=25.00
# exit
# Saving coverage database on exit...
# End time: 23:32:53 on Oct 07,2022, Elapsed time: 0:00:01
# Errors: 0, Warnings: 0
