# vsim repeat_loop -l repeat_loop_output.log -c -do "run -all; exit;" 
# Start time: 05:34:05 on Aug 25,2022
# ** Note: (vsim-8009) Loading existing optimized design _opt
# //  Questa Sim
# //  Version 10.6c linux Jul 25 2017
# //
# //  Copyright 1991-2017 Mentor Graphics Corporation
# //  All Rights Reserved.
# //
# //  QuestaSim and its associated documentation contain trade
# //  secrets and commercial or financial information that are the property of
# //  Mentor Graphics Corporation and are privileged, confidential,
# //  and exempt from disclosure under the Freedom of Information Act,
# //  5 U.S.C. Section 552. Furthermore, this information
# //  is prohibited from disclosure under the Trade Secrets Act,
# //  18 U.S.C. Section 1905.
# //
# Loading sv_std.std
# Loading work.repeat_loop(fast)
# run -all
# ---for_ever loop output-----
# 	Vlaue of b=0
# 	Vlaue of b=1
# 	Vlaue of b=10
# 	Vlaue of b=11
# 	Vlaue of b=100
# ---------
#  exit
# End time: 05:34:06 on Aug 25,2022, Elapsed time: 0:00:01
# Errors: 0, Warnings: 0
