# vsim for_loop -l for_loop_output.log -c -do "run -all; exit;" 
# Start time: 22:09:41 on Sep 06,2022
# ** Note: (vsim-3813) Design is being optimized due to module recompilation...
# //  Questa Sim
# //  Version 10.6c linux Jul 25 2017
# //
# //  Copyright 1991-2017 Mentor Graphics Corporation
# //  All Rights Reserved.
# //
# //  QuestaSim and its associated documentation contain trade
# //  secrets and commercial or financial information that are the property of
# //  Mentor Graphics Corporation and are privileged, confidential,
# //  and exempt from disclosure under the Freedom of Information Act,
# //  5 U.S.C. Section 552. Furthermore, this information
# //  is prohibited from disclosure under the Trade Secrets Act,
# //  18 U.S.C. Section 1905.
# //
# Loading sv_std.std
# Loading work.for_loop(fast)
# run -all
# 	 ----for loop output ---
# 
# 	 Iteration 1 
# 	 Iteration 2 
# 	 Iteration 3 
# 	 Iteration 4 
# 	 Iteration 5 
# 
# 	 ----out of loop----
#  exit
# End time: 22:09:42 on Sep 06,2022, Elapsed time: 0:00:01
# Errors: 0, Warnings: 0
