Command: vcs -V -R -full64 -sverilog +v2k -debug_access +all andgate.sv test.sv -l \
disable.log
/hwetools/synosys/installed_tools/vcs/Q-2020.03-SP2-8/linux64/bin/vcs1 -Mcc=gcc -Mcplusplus=g++ \
-Masflags= -Mcfl= -pipe -fPIC -O -I/hwetools/synosys/installed_tools/vcs/Q-2020.03-SP2-8/include \
-Mxllcflags= -Mxcflags= -pipe -fPIC -I/hwetools/synosys/installed_tools/vcs/Q-2020.03-SP2-8/include \
-Mldflags= -rdynamic  -Mout=simv -Mamsrun="" -Mvcsaceobjs="" -Mobjects=" /hwetools/synosys/installed_tools/vcs/Q-2020.03-SP2-8/linux64/lib/libvirsim.so \
/hwetools/synosys/installed_tools/vcs/Q-2020.03-SP2-8/linux64/lib/liberrorinf.so \
/hwetools/synosys/installed_tools/vcs/Q-2020.03-SP2-8/linux64/lib/libsnpsmalloc.so \
/hwetools/synosys/installed_tools/vcs/Q-2020.03-SP2-8/linux64/lib/libvfs.so " -Mexternalobj= \
-Msaverestoreobj=/hwetools/synosys/installed_tools/vcs/Q-2020.03-SP2-8/linux64/lib/vcs_save_restore_new.o \
-Mcrt0= -Mcrtn="" -Mcsrc="" -Msyslibs=/hwetools/synosys/installed_tools/verdi/Q-2020.03-SP2-8/share/PLI/VCS/LINUX64/pli.a \
-ldl  -l disable.log -Xvcs_run_simv=1 -V -full64 +v2k -debug_access +vpi +vcsd1 +itf+/hwetools/synosys/installed_tools/vcs/Q-2020.03-SP2-8/linux64/lib/vcsdp_lite.tab \
+all -picarchive -P /hwetools/synosys/installed_tools/verdi/Q-2020.03-SP2-8/share/PLI/VCS/LINUX64/verdi.tab \
-fsdb -sverilog -gen_obj andgate.sv test.sv  
                         Chronologic VCS (TM)
      Version Q-2020.03-SP2-8_Full64 -- Mon Oct 10 22:30:36 2022
               Copyright (c) 1991-2020 by Synopsys Inc.
                         ALL RIGHTS RESERVED

This program is proprietary and confidential information of Synopsys Inc.
and may be used and disclosed only as authorized in a license agreement
controlling such use and disclosure.

Parsing design file 'andgate.sv'
Parsing design file 'test.sv'
Top Level Modules:
       AND_Gate
No TimeScale specified
Starting vcs inline pass...

1 module and 0 UDP read.
recompiling module AND_Gate
( cd csrc ; make -f Makefile SNPS_VCS_TMPDIR=/tmp/vcs_20221010170035_26700 product \
)
make[2]: Entering directory `/hwetools/work_area/frontend/dilip_B7/assertion/disable_assertion/csrc' \

rm -f _cuarc*.so _csrc*.so pre_vcsobj_*.so share_vcsobj_*.so
if [ -x ../simv ]; then chmod a-x ../simv; fi
g++  -o ../simv      -rdynamic  -Wl,-rpath='$ORIGIN'/simv.daidir -Wl,-rpath=./simv.daidir \
-Wl,-rpath=/hwetools/synosys/installed_tools/vcs/Q-2020.03-SP2-8/linux64/lib -L/hwetools/synosys/installed_tools/vcs/Q-2020.03-SP2-8/linux64/lib \
-Wl,-rpath-link=./  /usr/lib64/libnuma.so.1   objs/amcQw_d.o   _27252_archive_1.so \
SIM_l.o      rmapats_mop.o rmapats.o rmar.o rmar_nd.o  rmar_llvm_0_1.o rmar_llvm_0_0.o \
-lvirsim -lerrorinf -lsnpsmalloc -lvfs    -lvcsnew -lsimprofile -luclinative /hwetools/synosys/installed_tools/vcs/Q-2020.03-SP2-8/linux64/lib/vcs_tls.o \
-Wl,-whole-archive  -lvcsucli    -Wl,-no-whole-archive        _vcs_pli_stub_.o   \
/hwetools/synosys/installed_tools/vcs/Q-2020.03-SP2-8/linux64/lib/vcs_save_restore_new.o \
/hwetools/synosys/installed_tools/verdi/Q-2020.03-SP2-8/share/PLI/VCS/LINUX64/pli.a \
-ldl  -lc -lm -lpthread -ldl 
../simv up to date
make[2]: Leaving directory `/hwetools/work_area/frontend/dilip_B7/assertion/disable_assertion/csrc' \

Running simv -V +v2k +all -a disable.log 
Command: /hwetools/work_area/frontend/dilip_B7/assertion/disable_assertion/./simv -V +v2k +all -a disable.log
Chronologic VCS simulator copyright 1991-2020
Contains Synopsys proprietary information.
Compiler version Q-2020.03-SP2-8_Full64; Runtime version Q-2020.03-SP2-8_Full64;  Oct 10 22:30 2022
VCS Build Date = Sep 11 2021 20:22:52
Start run at Oct 10 22:30 2022

"test.sv", 55: AND_Gate.unnamed$$_1: started at 0s failed at 0s
	Offending '(A && B)'
time=0, A=0 and B=0,assertion failure

"test.sv", 55: AND_Gate.unnamed$$_1: started at 10s failed at 10s
	Offending '(A && B)'
time=10, A=0 and B=1,assertion failure

"test.sv", 55: AND_Gate.unnamed$$_1: started at 20s failed at 20s
	Offending '(A && B)'
time=20, A=1 and B=0,assertion failure

"test.sv", 55: AND_Gate.unnamed$$_1: started at 30s failed at 30s
	Offending '(A && B)'
time=30, A=0 and B=1,assertion failure

$finish called from file "test.sv", line 43.
$finish at simulation time                  152
           V C S   S i m u l a t i o n   R e p o r t 
Time: 152
CPU Time:      0.430 seconds;       Data structure size:   0.0Mb
Mon Oct 10 22:30:52 2022
CPU time: .300 seconds to compile + .253 seconds to elab + .356 seconds to link + .462 seconds in simulation
