# vsim fine_self -l fine_self.log -c -do "run -all;quit;" 
# Start time: 04:24:47 on Sep 06,2022
# ** Note: (vsim-3812) Design is being optimized...
# //  Questa Sim
# //  Version 10.6c linux Jul 25 2017
# //
# //  Copyright 1991-2017 Mentor Graphics Corporation
# //  All Rights Reserved.
# //
# //  QuestaSim and its associated documentation contain trade
# //  secrets and commercial or financial information that are the property of
# //  Mentor Graphics Corporation and are privileged, confidential,
# //  and exempt from disclosure under the Freedom of Information Act,
# //  5 U.S.C. Section 552. Furthermore, this information
# //  is prohibited from disclosure under the Trade Secrets Act,
# //  18 U.S.C. Section 1905.
# //
# Loading sv_std.std
# Loading work.fine_self(fast)
# run -all
# [1] We are getting into fork-join block
# [1] Entered into fork-join and started first check for the process
# [3] Not created
# [3] first check for the process done
# [3] Started second check for the process
# [3] Created
# [3] Second check for the process done
# quit
# End time: 04:24:48 on Sep 06,2022, Elapsed time: 0:00:01
# Errors: 0, Warnings: 0
