# vsim top -l inside_const.sv.log -c -do "run -all;exit;" 
# Start time: 21:24:08 on Sep 19,2022
# ** Note: (vsim-3812) Design is being optimized...
# //  Questa Sim
# //  Version 10.6c linux Jul 25 2017
# //
# //  Copyright 1991-2017 Mentor Graphics Corporation
# //  All Rights Reserved.
# //
# //  QuestaSim and its associated documentation contain trade
# //  secrets and commercial or financial information that are the property of
# //  Mentor Graphics Corporation and are privileged, confidential,
# //  and exempt from disclosure under the Freedom of Information Act,
# //  5 U.S.C. Section 552. Furthermore, this information
# //  is prohibited from disclosure under the Trade Secrets Act,
# //  18 U.S.C. Section 1905.
# //
# Loading sv_std.std
# Loading work.inside_const_sv_unit(fast)
# Loading work.top(fast)
# run -all
# -------Output for  inside constraint-------
# -------------------------------------------
# [0] @ iteration: 1 -----> var1=9
# [0] @ iteration: 2 -----> var1=8
# [0] @ iteration: 3 -----> var1=8
# [0] @ iteration: 4 -----> var1=8
# [0] @ iteration: 5 -----> var1=5
# [0] @ iteration: 6 -----> var1=4
# -------------------------------------------
# exit
# End time: 21:24:09 on Sep 19,2022, Elapsed time: 0:00:01
# Errors: 0, Warnings: 0
