# vsim DUT TB_using_Module TB_using_Program -l program.log -c -do "run -all;quit;" 
# Start time: 03:07:54 on Oct 13,2022
# ** Note: (vsim-3812) Design is being optimized...
# //  Questa Sim
# //  Version 10.6c linux Jul 25 2017
# //
# //  Copyright 1991-2017 Mentor Graphics Corporation
# //  All Rights Reserved.
# //
# //  QuestaSim and its associated documentation contain trade
# //  secrets and commercial or financial information that are the property of
# //  Mentor Graphics Corporation and are privileged, confidential,
# //  and exempt from disclosure under the Freedom of Information Act,
# //  5 U.S.C. Section 552. Furthermore, this information
# //  is prohibited from disclosure under the Trade Secrets Act,
# //  18 U.S.C. Section 1905.
# //
# Loading sv_std.std
# Loading work.DUT(fast)
# Loading work.TB_using_Module(fast)
# Loading work.TB_using_Program(fast)
# run -all
# Module_based_TB : a = 0
# Program_based_TB : a = 1
# ** Note: implicit $finish from program    : program_block.sv(21)
#    Time: 0 ns  Iteration: 0  Instance: /TB_using_Program
# End time: 03:07:56 on Oct 13,2022, Elapsed time: 0:00:02
# Errors: 0, Warnings: 0
