# vsim top -l wighted_distribution.sv.log -c -do "run -all;exit;" 
# Start time: 04:47:10 on Sep 19,2022
# ** Note: (vsim-8009) Loading existing optimized design _opt
# //  Questa Sim
# //  Version 10.6c linux Jul 25 2017
# //
# //  Copyright 1991-2017 Mentor Graphics Corporation
# //  All Rights Reserved.
# //
# //  QuestaSim and its associated documentation contain trade
# //  secrets and commercial or financial information that are the property of
# //  Mentor Graphics Corporation and are privileged, confidential,
# //  and exempt from disclosure under the Freedom of Information Act,
# //  5 U.S.C. Section 552. Furthermore, this information
# //  is prohibited from disclosure under the Trade Secrets Act,
# //  18 U.S.C. Section 1905.
# //
# Loading sv_std.std
# Loading work.weighted_distribution_sv_unit(fast)
# Loading work.top(fast)
# run -all
# -----Output for := opearator-----
# The occurence of '6' is more as '6' has more weight
# ---------------------------------
# [0] @ iteration 0  -----> value1=6
# [0] @ iteration 1  -----> value1=2
# [0] @ iteration 2  -----> value1=5
# [0] @ iteration 3  -----> value1=1
# [0] @ iteration 4  -----> value1=2
# [0] @ iteration 5  -----> value1=5
# [0] @ iteration 6  -----> value1=6
# [0] @ iteration 7  -----> value1=2
# [0] @ iteration 8  -----> value1=6
# [0] @ iteration 9  -----> value1=4
# ---------------------------------
# exit
# End time: 04:47:11 on Sep 19,2022, Elapsed time: 0:00:01
# Errors: 0, Warnings: 0
