# vsim only_inline -l only_inline_log.log -c -do "run -all;exit;" 
# Start time: 21:51:39 on Sep 20,2022
# ** Note: (vsim-8009) Loading existing optimized design _opt
# //  Questa Sim
# //  Version 10.6c linux Jul 25 2017
# //
# //  Copyright 1991-2017 Mentor Graphics Corporation
# //  All Rights Reserved.
# //
# //  QuestaSim and its associated documentation contain trade
# //  secrets and commercial or financial information that are the property of
# //  Mentor Graphics Corporation and are privileged, confidential,
# //  and exempt from disclosure under the Freedom of Information Act,
# //  5 U.S.C. Section 552. Furthermore, this information
# //  is prohibited from disclosure under the Trade Secrets Act,
# //  18 U.S.C. Section 1905.
# //
# Loading sv_std.std
# Loading work.only_inline_sv_unit(fast)
# Loading work.only_inline(fast)
# run -all
# 	[1] @ iteration: 1 -----> value: 3
# 	[2] @ iteration: 2 -----> value: 3
# exit
# End time: 21:51:40 on Sep 20,2022, Elapsed time: 0:00:01
# Errors: 0, Warnings: 0
