# vsim concatenation_code -l concatenation_code_output.log -c -do "run -all; exit;" 
# Start time: 10:41:28 on Sep 07,2022
# ** Note: (vsim-3813) Design is being optimized due to module recompilation...
# //  Questa Sim
# //  Version 10.6c linux Jul 25 2017
# //
# //  Copyright 1991-2017 Mentor Graphics Corporation
# //  All Rights Reserved.
# //
# //  QuestaSim and its associated documentation contain trade
# //  secrets and commercial or financial information that are the property of
# //  Mentor Graphics Corporation and are privileged, confidential,
# //  and exempt from disclosure under the Freedom of Information Act,
# //  5 U.S.C. Section 552. Furthermore, this information
# //  is prohibited from disclosure under the Trade Secrets Act,
# //  18 U.S.C. Section 1905.
# //
# Loading sv_std.std
# Loading work.concatenation_code(fast)
# run -all
# 
#  	 the value of a is 1
# 
#  	 the value of b is 1110
# 
#  	 the value of c is 1101
# 
#  	 the output a,b,c of Concatenation operators output is 111101101
# 
#  	 the output a,b,3c of Replicates operators output is 11110110111011101
#  exit
# End time: 10:41:29 on Sep 07,2022, Elapsed time: 0:00:01
# Errors: 0, Warnings: 0
