# vsim -cvgperinstance cvgrp_using_clk -l cvgrp_clk.log -c -do "coverage save -onexit cvgrp_using_clk.ucdb;run -all;exit;" 
# Start time: 22:30:13 on Oct 12,2022
# ** Note: (vsim-3812) Design is being optimized...
# //  Questa Sim
# //  Version 10.6c linux Jul 25 2017
# //
# //  Copyright 1991-2017 Mentor Graphics Corporation
# //  All Rights Reserved.
# //
# //  QuestaSim and its associated documentation contain trade
# //  secrets and commercial or financial information that are the property of
# //  Mentor Graphics Corporation and are privileged, confidential,
# //  and exempt from disclosure under the Freedom of Information Act,
# //  5 U.S.C. Section 552. Furthermore, this information
# //  is prohibited from disclosure under the Trade Secrets Act,
# //  18 U.S.C. Section 1905.
# //
# Loading sv_std.std
# Loading work.cvgrp_using_clk(fast)
# coverage save -onexit cvgrp_using_clk.ucdb
# run -all
# a=4 ; b=1 ; coverage %= 31.25
# a=1 ; b=0 ; coverage %= 62.50
# a=1 ; b=0 ; coverage %= 68.75
# a=3 ; b=0 ; coverage %= 68.75
# a=5 ; b=0 ; coverage %= 75.00
# ** Note: $finish    : cvgrp_using_clk.sv(21)
#    Time: 45 ns  Iteration: 1  Instance: /cvgrp_using_clk
# Saving coverage database on exit...
# End time: 22:30:14 on Oct 12,2022, Elapsed time: 0:00:01
# Errors: 0, Warnings: 0
