# vsim default_value_enum -l default_value_enum.log -c -do "run -all; exit;" 
# Start time: 12:38:20 on Aug 25,2022
# ** Note: (vsim-3813) Design is being optimized due to module recompilation...
# //  Questa Sim
# //  Version 10.6c linux Jul 25 2017
# //
# //  Copyright 1991-2017 Mentor Graphics Corporation
# //  All Rights Reserved.
# //
# //  QuestaSim and its associated documentation contain trade
# //  secrets and commercial or financial information that are the property of
# //  Mentor Graphics Corporation and are privileged, confidential,
# //  and exempt from disclosure under the Freedom of Information Act,
# //  5 U.S.C. Section 552. Furthermore, this information
# //  is prohibited from disclosure under the Trade Secrets Act,
# //  18 U.S.C. Section 1905.
# //
# Loading sv_std.std
# Loading work.default_value_enum(fast)
# run -all
# 
# // days = {monday, tuesday, wednesday, thursday, friday, saturday, sunday }
# 
# Days name = monday  and its default value is = 0
# Days name = tuesday  and its default value is = 1
# Days name = wednesday  and its default value is = 2
# Days name = thursday  and its default value is = 3
# Days name = friday  and its default value is = 4
# Days name = saturday  and its default value is = 5
# Days name = sunday  and its default value is = 6
# 
#  exit
# End time: 12:38:21 on Aug 25,2022, Elapsed time: 0:00:01
# Errors: 0, Warnings: 0
