# vsim -cvgperinstance work.part_select -l part_select_log.log -c -do "coverage save -onexit part_select.ucdb;run -all;exit;" 
# Start time: 02:26:06 on Oct 04,2022
# ** Note: (vsim-3813) Design is being optimized due to module recompilation...
# //  Questa Sim
# //  Version 10.6c linux Jul 25 2017
# //
# //  Copyright 1991-2017 Mentor Graphics Corporation
# //  All Rights Reserved.
# //
# //  QuestaSim and its associated documentation contain trade
# //  secrets and commercial or financial information that are the property of
# //  Mentor Graphics Corporation and are privileged, confidential,
# //  and exempt from disclosure under the Freedom of Information Act,
# //  5 U.S.C. Section 552. Furthermore, this information
# //  is prohibited from disclosure under the Trade Secrets Act,
# //  18 U.S.C. Section 1905.
# //
# Loading sv_std.std
# Loading work.part_select(fast)
# coverage save -onexit part_select.ucdb
# run -all
# a=4 a1=00 a2=0 a3=10
# 	coverage %=33.33
# a=1 a1=01 a2=1 a3=00
# 	coverage %=66.67
# a=1 a1=01 a2=1 a3=00
# 	coverage %=66.67
# a=3 a1=11 a2=1 a3=01
# 	coverage %=83.33
# a=5 a1=01 a2=1 a3=10
# 	coverage %=83.33
# exit
# Saving coverage database on exit...
# End time: 02:26:07 on Oct 04,2022, Elapsed time: 0:00:01
# Errors: 0, Warnings: 0
