# vsim work.func_return_void -l func_return_void_log.log -c -do "run -all;exit;" 
# Start time: 02:53:58 on Sep 06,2022
# ** Note: (vsim-3813) Design is being optimized due to module recompilation...
# ** Warning: func_return_void.sv(12): (vopt-2240) Treating stand-alone use of function 'display' as an implicit VOID cast.
# //  Questa Sim
# //  Version 10.6c linux Jul 25 2017
# //
# //  Copyright 1991-2017 Mentor Graphics Corporation
# //  All Rights Reserved.
# //
# //  QuestaSim and its associated documentation contain trade
# //  secrets and commercial or financial information that are the property of
# //  Mentor Graphics Corporation and are privileged, confidential,
# //  and exempt from disclosure under the Freedom of Information Act,
# //  5 U.S.C. Section 552. Furthermore, this information
# //  is prohibited from disclosure under the Trade Secrets Act,
# //  18 U.S.C. Section 1905.
# //
# Loading sv_std.std
# Loading work.func_return_void(fast)
# run -all
# 	 ----output for function void return type-----
# 	 passing string to function for displaying
# exit
# End time: 02:53:59 on Sep 06,2022, Elapsed time: 0:00:01
# Errors: 0, Warnings: 1
