# vsim top -l top.log -c -do "log -r /*; add wave -r /*; run -all;quit;" -wlf waveform.wlf 
# Start time: 07:34:45 on Sep 21,2022
# ** Note: (vsim-3812) Design is being optimized...
# //  Questa Sim
# //  Version 10.6c linux Jul 25 2017
# //
# //  Copyright 1991-2017 Mentor Graphics Corporation
# //  All Rights Reserved.
# //
# //  QuestaSim and its associated documentation contain trade
# //  secrets and commercial or financial information that are the property of
# //  Mentor Graphics Corporation and are privileged, confidential,
# //  and exempt from disclosure under the Freedom of Information Act,
# //  5 U.S.C. Section 552. Furthermore, this information
# //  is prohibited from disclosure under the Trade Secrets Act,
# //  18 U.S.C. Section 1905.
# //
# Loading sv_std.std
# Loading work.top(fast)
# Loading work.d_flipflop(fast)
# Loading work.test(fast)
# log -r /*
#  add wave -r /*
#  run -all
# test side [0] : d_tb_drive = x q_dut_sample = x
# DUT side  [0] : d_tb_drive = x q_dut_sample = x
# DUT side  [5] : d_tb_drive = 0 q_dut_sample = 0
# test side [10] : d_tb_drive = 0 q_dut_sample = 0
# DUT side  [15] : d_tb_drive = 1 q_dut_sample = 1
# test side [20] : d_tb_drive = 1 q_dut_sample = 1
# test side [30] : d_tb_drive = 1 q_dut_sample = 1
# test side [40] : d_tb_drive = 1 q_dut_sample = 1
# test side [50] : d_tb_drive = 1 q_dut_sample = 1
# test side [60] : d_tb_drive = 1 q_dut_sample = 1
# test side [70] : d_tb_drive = 1 q_dut_sample = 1
# DUT side  [75] : d_tb_drive = 0 q_dut_sample = 0
# test side [80] : d_tb_drive = 0 q_dut_sample = 0
# DUT side  [85] : d_tb_drive = 1 q_dut_sample = 1
# test side [90] : d_tb_drive = 1 q_dut_sample = 1
# ** Note: $finish    : test.sv(18)
#    Time: 90 ns  Iteration: 1  Instance: /top/t2
# End time: 07:34:45 on Sep 21,2022, Elapsed time: 0:00:00
# Errors: 0, Warnings: 0
