# vsim f_get -l file_get.log -c -do "run -all;quit;" 
# Start time: 02:07:06 on Oct 13,2022
# ** Note: (vsim-3812) Design is being optimized...
# //  Questa Sim
# //  Version 10.6c linux Jul 25 2017
# //
# //  Copyright 1991-2017 Mentor Graphics Corporation
# //  All Rights Reserved.
# //
# //  QuestaSim and its associated documentation contain trade
# //  secrets and commercial or financial information that are the property of
# //  Mentor Graphics Corporation and are privileged, confidential,
# //  and exempt from disclosure under the Freedom of Information Act,
# //  5 U.S.C. Section 552. Furthermore, this information
# //  is prohibited from disclosure under the Trade Secrets Act,
# //  18 U.S.C. Section 1905.
# //
# Loading sv_std.std
# Loading work.f_get(fast)
# ** Warning: (vsim-PLI-3691) file_get.sv(26): Expected a system task, not a system function '$ungetc'.
#    Time: 0 ns  Iteration: 0  Instance: /f_get File: file_get.sv
# ** Warning: (vsim-PLI-3691) file_get.sv(29): Expected a system task, not a system function '$fgets'.
#    Time: 0 ns  Iteration: 0  Instance: /f_get File: file_get.sv
# run -all
# 
# character read:s
# character insert:s
# line read:sv course
# 
# quit
# End time: 02:07:07 on Oct 13,2022, Elapsed time: 0:00:01
# Errors: 0, Warnings: 2
