# vsim logic_data -l logic_file.log -c -do "run -all;quit;" 
# Start time: 02:41:40 on Aug 25,2022
# ** Note: (vsim-3813) Design is being optimized due to module recompilation...
# //  Questa Sim
# //  Version 10.6c linux Jul 25 2017
# //
# //  Copyright 1991-2017 Mentor Graphics Corporation
# //  All Rights Reserved.
# //
# //  QuestaSim and its associated documentation contain trade
# //  secrets and commercial or financial information that are the property of
# //  Mentor Graphics Corporation and are privileged, confidential,
# //  and exempt from disclosure under the Freedom of Information Act,
# //  5 U.S.C. Section 552. Furthermore, this information
# //  is prohibited from disclosure under the Trade Secrets Act,
# //  18 U.S.C. Section 1905.
# //
# Loading sv_std.std
# Loading work.logic_data(fast)
# run -all
# 
# Default value of logic data type =xxx
# 
# Value of logic data type  after initialization =101
# 
# quit
# End time: 02:41:41 on Aug 25,2022, Elapsed time: 0:00:01
# Errors: 0, Warnings: 0
