# vsim tb -l try_get_op.log -c -do "run -all;quit;" 
# Start time: 01:29:04 on Oct 10,2022
# ** Note: (vsim-3812) Design is being optimized...
# //  Questa Sim
# //  Version 10.6c linux Jul 25 2017
# //
# //  Copyright 1991-2017 Mentor Graphics Corporation
# //  All Rights Reserved.
# //
# //  QuestaSim and its associated documentation contain trade
# //  secrets and commercial or financial information that are the property of
# //  Mentor Graphics Corporation and are privileged, confidential,
# //  and exempt from disclosure under the Freedom of Information Act,
# //  5 U.S.C. Section 552. Furthermore, this information
# //  is prohibited from disclosure under the Trade Secrets Act,
# //  18 U.S.C. Section 1905.
# //
# Loading sv_std.std
# Loading work.try_get_sv_unit(fast)
# Loading work.tb(fast)
# run -all
# [0] 1. Transmitter: value of a = 1
# [0] 1. Transmitter: value of a = 2
# [0] 1. Transmitter: value of a = 3
# [0] 1. Transmitter: value of a = 4
# put successful
# ...............................................
# [0] 2. Receiver: value of a = 1
# [0] 2. Receiver: value of a = 2
# [0] 2. Receiver: value of a = 3
# [0] 2. Receiver: value of a = 4
# Failed while trying to get the value as mailbox is empty
# get successful
# [0] 1. Transmitter: value of a = 5
# [0] 1. Transmitter: value of a = 6
# [0] 1. Transmitter: value of a = 7
# [0] 1. Transmitter: value of a = 8
# put successful
# ...............................................
# [0] 2. Receiver: value of a = 5
# [0] 2. Receiver: value of a = 6
# [0] 2. Receiver: value of a = 7
# [0] 2. Receiver: value of a = 8
# Failed while trying to get the value as mailbox is empty
# get successful
# quit
# End time: 01:29:05 on Oct 10,2022, Elapsed time: 0:00:01
# Errors: 0, Warnings: 0
