# vsim wait_fork -l wait_fork.log -c -do "run -all;quit;" 
# Start time: 05:19:51 on Aug 25,2022
# ** Note: (vsim-8009) Loading existing optimized design _opt
# //  Questa Sim
# //  Version 10.6c linux Jul 25 2017
# //
# //  Copyright 1991-2017 Mentor Graphics Corporation
# //  All Rights Reserved.
# //
# //  QuestaSim and its associated documentation contain trade
# //  secrets and commercial or financial information that are the property of
# //  Mentor Graphics Corporation and are privileged, confidential,
# //  and exempt from disclosure under the Freedom of Information Act,
# //  5 U.S.C. Section 552. Furthermore, this information
# //  is prohibited from disclosure under the Trade Secrets Act,
# //  18 U.S.C. Section 1905.
# //
# Loading sv_std.std
# Loading work.wait_fork(fast)
# run -all
# main_Thread-1: [5] starting of fork-join
# Thread-1: [5] basics of syatem verilog
# Thread-5-2: [5] nested_fork
# Thread-4-1: [6] processes
# Thread-7: [6] coverages
# Thread-2: [8] data types
# Thread-4-2: [9] communications
# Thread-3: [10] control-flow
# Thread-5-1: [12] oops
# Thread-6: [14]assertions
# main_Thread-2: [14] ending of fork-join
# quit
# End time: 05:19:52 on Aug 25,2022, Elapsed time: 0:00:01
# Errors: 0, Warnings: 0
