# vsim variable -l variable.log -c -do "run -all;quit;" 
# Start time: 02:37:36 on Oct 08,2022
# ** Note: (vsim-3812) Design is being optimized...
# //  Questa Sim
# //  Version 10.6c linux Jul 25 2017
# //
# //  Copyright 1991-2017 Mentor Graphics Corporation
# //  All Rights Reserved.
# //
# //  QuestaSim and its associated documentation contain trade
# //  secrets and commercial or financial information that are the property of
# //  Mentor Graphics Corporation and are privileged, confidential,
# //  and exempt from disclosure under the Freedom of Information Act,
# //  5 U.S.C. Section 552. Furthermore, this information
# //  is prohibited from disclosure under the Trade Secrets Act,
# //  18 U.S.C. Section 1905.
# //
# Loading sv_std.std
# Loading work.variable(fast)
# run -all
# ** Error: assertion failed
#    Time: 15 ns Started: 5 ns  Scope: variable.a_1 File: variable.sv Line: 28
# ** Info: assertion passed
#    Time: 25 ns Started: 15 ns  Scope: variable.a_1 File: variable.sv Line: 28
# ** Info: assertion passed
#    Time: 45 ns Started: 35 ns  Scope: variable.a_1 File: variable.sv Line: 28
# ** Info: assertion passed
#    Time: 55 ns Started: 45 ns  Scope: variable.a_1 File: variable.sv Line: 28
# ** Note: $finish    : variable.sv(16)
#    Time: 70 ns  Iteration: 0  Instance: /variable
# End time: 02:37:37 on Oct 08,2022, Elapsed time: 0:00:01
# Errors: 1, Warnings: 0
