# vsim check_electricity -l without_this.log -c -do "run -all;exit" 
# Start time: 09:58:21 on Sep 20,2022
# ** Note: (vsim-8009) Loading existing optimized design _opt
# //  Questa Sim
# //  Version 10.6c linux Jul 25 2017
# //
# //  Copyright 1991-2017 Mentor Graphics Corporation
# //  All Rights Reserved.
# //
# //  QuestaSim and its associated documentation contain trade
# //  secrets and commercial or financial information that are the property of
# //  Mentor Graphics Corporation and are privileged, confidential,
# //  and exempt from disclosure under the Freedom of Information Act,
# //  5 U.S.C. Section 552. Furthermore, this information
# //  is prohibited from disclosure under the Trade Secrets Act,
# //  18 U.S.C. Section 1905.
# //
# Loading sv_std.std
# Loading work.without_this_sv_unit(fast)
# Loading work.check_electricity(fast)
# run -all
# Inside class method :- switch is ON that's why fan is ON
# Outside class :- switch is OFF that's why fan is OFF
# exit
# End time: 09:58:22 on Sep 20,2022, Elapsed time: 0:00:01
# Errors: 0, Warnings: 0
