# vsim CLI_valargs1 -l CLI_valargs1.log -c -do "run -all;quit" "+msg=Hey!" "+file=sample.txt" 
# Start time: 02:29:30 on Oct 12,2022
# ** Note: (vsim-3812) Design is being optimized...
# //  Questa Sim
# //  Version 10.6c linux Jul 25 2017
# //
# //  Copyright 1991-2017 Mentor Graphics Corporation
# //  All Rights Reserved.
# //
# //  QuestaSim and its associated documentation contain trade
# //  secrets and commercial or financial information that are the property of
# //  Mentor Graphics Corporation and are privileged, confidential,
# //  and exempt from disclosure under the Freedom of Information Act,
# //  5 U.S.C. Section 552. Furthermore, this information
# //  is prohibited from disclosure under the Trade Secrets Act,
# //  18 U.S.C. Section 1905.
# //
# Loading sv_std.std
# Loading work.CLI_valargs1(fast)
# ** Warning: (vsim-PLI-3691) CLI_valargs1.sv(13): Expected a system task, not a system function '$fgets'.
#    Time: 0 ns  Iteration: 0  Instance: /CLI_valargs1 File: CLI_valargs1.sv
# run -all
# $value$plusargs used above returns 1
# Hey!
# We are trying to open this file using command line argument and it worked!
# 
# quit
# End time: 02:29:31 on Oct 12,2022, Elapsed time: 0:00:01
# Errors: 0, Warnings: 1
