# vsim std_random -l std_random.log -c -do "run -all; exit;" 
# Start time: 00:54:08 on Nov 21,2022
# ** Note: (vsim-3812) Design is being optimized...
# //  Questa Sim
# //  Version 10.6c linux Jul 25 2017
# //
# //  Copyright 1991-2017 Mentor Graphics Corporation
# //  All Rights Reserved.
# //
# //  QuestaSim and its associated documentation contain trade
# //  secrets and commercial or financial information that are the property of
# //  Mentor Graphics Corporation and are privileged, confidential,
# //  and exempt from disclosure under the Freedom of Information Act,
# //  5 U.S.C. Section 552. Furthermore, this information
# //  is prohibited from disclosure under the Trade Secrets Act,
# //  18 U.S.C. Section 1905.
# //
# Loading sv_std.std
# Loading work.std_random(fast)
# run -all
# value of a   8
# value of b :13
# value of c : 2 and d   1 
# value of e : 4 
# value of a   6
# value of b : 7
# value of c : 3 and d   0 
# value of e : 4 
# value of a   7
# value of b :15
# value of c : 1 and d   1 
# value of e : 1 
# value of a  15
# value of b :15
# value of c : 3 and d   1 
# value of e : 3 
#  exit
# End time: 00:54:09 on Nov 21,2022, Elapsed time: 0:00:01
# Errors: 0, Warnings: 0
