# vsim casting_real_time -l real_to_time.log -c -do "run -all; exit;" 
# Start time: 11:26:29 on Aug 31,2022
# ** Note: (vsim-3812) Design is being optimized...
# //  Questa Sim
# //  Version 10.6c linux Jul 25 2017
# //
# //  Copyright 1991-2017 Mentor Graphics Corporation
# //  All Rights Reserved.
# //
# //  QuestaSim and its associated documentation contain trade
# //  secrets and commercial or financial information that are the property of
# //  Mentor Graphics Corporation and are privileged, confidential,
# //  and exempt from disclosure under the Freedom of Information Act,
# //  5 U.S.C. Section 552. Furthermore, this information
# //  is prohibited from disclosure under the Trade Secrets Act,
# //  18 U.S.C. Section 1905.
# //
# Loading sv_std.std
# Loading work.casting_real_time(fast)
# run -all
# 
# before casting real_data = 8.04
# after casting real to time = 8
# 
#  exit
# End time: 11:26:30 on Aug 31,2022, Elapsed time: 0:00:01
# Errors: 0, Warnings: 0
