# vsim tb -l class_std_rand_log.log -c -do "run -all; exit;" 
# Start time: 01:04:15 on Nov 21,2022
# ** Note: (vsim-3812) Design is being optimized...
# //  Questa Sim
# //  Version 10.6c linux Jul 25 2017
# //
# //  Copyright 1991-2017 Mentor Graphics Corporation
# //  All Rights Reserved.
# //
# //  QuestaSim and its associated documentation contain trade
# //  secrets and commercial or financial information that are the property of
# //  Mentor Graphics Corporation and are privileged, confidential,
# //  and exempt from disclosure under the Freedom of Information Act,
# //  5 U.S.C. Section 552. Furthermore, this information
# //  is prohibited from disclosure under the Trade Secrets Act,
# //  18 U.S.C. Section 1905.
# //
# Loading sv_std.std
# Loading work.class_std_rand_sv_unit(fast)
# Loading work.tb(fast)
# run -all
# using std_randomize 0 ,0
# randomize(a) 7
# using std_randomize(a) -1660044954
# using std_randomize b: 6
# using std_randomize with constraint,c: 3
# this randomize -1660044954 6           3
# using std_randomize -1660044954 ,6
# randomize(a) 3
# using std_randomize(a) 1003556722
# using std_randomize b: 6
# using std_randomize with constraint,c: 3
# this randomize 1003556722 6           3
# using std_randomize 1003556722 ,6
# randomize(a) 7
# using std_randomize(a) 1190730858
# using std_randomize b: 4
# using std_randomize with constraint,c: 2
# this randomize 1190730858 4           2
#  exit
# End time: 01:04:17 on Nov 21,2022, Elapsed time: 0:00:02
# Errors: 0, Warnings: 0
