# vsim inh_sam -l inh_op.log -c -do "run -all;quit;" 
# Start time: 23:20:07 on Sep 21,2022
# ** Note: (vsim-3812) Design is being optimized...
# //  Questa Sim
# //  Version 10.6c linux Jul 25 2017
# //
# //  Copyright 1991-2017 Mentor Graphics Corporation
# //  All Rights Reserved.
# //
# //  QuestaSim and its associated documentation contain trade
# //  secrets and commercial or financial information that are the property of
# //  Mentor Graphics Corporation and are privileged, confidential,
# //  and exempt from disclosure under the Freedom of Information Act,
# //  5 U.S.C. Section 552. Furthermore, this information
# //  is prohibited from disclosure under the Trade Secrets Act,
# //  18 U.S.C. Section 1905.
# //
# Loading sv_std.std
# Loading work.inh_sv_unit(fast)
# Loading work.inh_sam(fast)
# run -all
# 1.Value of a = 5
# 2.Value of a = 10
# quit
# End time: 23:20:08 on Sep 21,2022, Elapsed time: 0:00:01
# Errors: 0, Warnings: 0
