# vsim super_ex -l super.log -c -do "run -all;exit" 
# Start time: 21:58:53 on Sep 14,2022
# ** Note: (vsim-3813) Design is being optimized due to module recompilation...
# //  Questa Sim
# //  Version 10.6c linux Jul 25 2017
# //
# //  Copyright 1991-2017 Mentor Graphics Corporation
# //  All Rights Reserved.
# //
# //  QuestaSim and its associated documentation contain trade
# //  secrets and commercial or financial information that are the property of
# //  Mentor Graphics Corporation and are privileged, confidential,
# //  and exempt from disclosure under the Freedom of Information Act,
# //  5 U.S.C. Section 552. Furthermore, this information
# //  is prohibited from disclosure under the Trade Secrets Act,
# //  18 U.S.C. Section 1905.
# //
# Loading sv_std.std
# Loading work.super_sv_unit(fast)
# Loading work.super_ex(fast)
# run -all
# switch is ON  that's why fan is ON exit
# End time: 21:58:54 on Sep 14,2022, Elapsed time: 0:00:01
# Errors: 0, Warnings: 0
