# vsim formal_argument -l formal.log -c -do "run -all;quit;" 
# Start time: 02:29:27 on Oct 08,2022
# ** Note: (vsim-3812) Design is being optimized...
# //  Questa Sim
# //  Version 10.6c linux Jul 25 2017
# //
# //  Copyright 1991-2017 Mentor Graphics Corporation
# //  All Rights Reserved.
# //
# //  QuestaSim and its associated documentation contain trade
# //  secrets and commercial or financial information that are the property of
# //  Mentor Graphics Corporation and are privileged, confidential,
# //  and exempt from disclosure under the Freedom of Information Act,
# //  5 U.S.C. Section 552. Furthermore, this information
# //  is prohibited from disclosure under the Trade Secrets Act,
# //  18 U.S.C. Section 1905.
# //
# Loading sv_std.std
# Loading work.formal_argument(fast)
# run -all
# ** Error: assertion failed
#    Time: 2 ns Started: 2 ns  Scope: formal_argument.logical_exp File: formal.sv Line: 17
# ** Error: assertion failed
#    Time: 6 ns Started: 6 ns  Scope: formal_argument.logical_exp File: formal.sv Line: 17
# ** Error: assertion failed
#    Time: 10 ns Started: 10 ns  Scope: formal_argument.logical_exp File: formal.sv Line: 17
# ** Error: assertion failed
#    Time: 14 ns Started: 14 ns  Scope: formal_argument.logical_exp File: formal.sv Line: 17
# ** Error: assertion failed
#    Time: 18 ns Started: 18 ns  Scope: formal_argument.logical_exp File: formal.sv Line: 17
# ** Error: assertion failed
#    Time: 22 ns Started: 22 ns  Scope: formal_argument.logical_exp File: formal.sv Line: 17
# ** Error: assertion failed
#    Time: 26 ns Started: 26 ns  Scope: formal_argument.logical_exp File: formal.sv Line: 17
# ** Error: assertion failed
#    Time: 30 ns Started: 30 ns  Scope: formal_argument.logical_exp File: formal.sv Line: 17
# ** Info: assertion passed
#    Time: 34 ns Started: 34 ns  Scope: formal_argument.logical_exp File: formal.sv Line: 17
# ** Info: assertion passed
#    Time: 38 ns Started: 38 ns  Scope: formal_argument.logical_exp File: formal.sv Line: 17
# ** Info: assertion passed
#    Time: 42 ns Started: 42 ns  Scope: formal_argument.logical_exp File: formal.sv Line: 17
# ** Info: assertion passed
#    Time: 46 ns Started: 46 ns  Scope: formal_argument.logical_exp File: formal.sv Line: 17
# ** Info: assertion passed
#    Time: 50 ns Started: 50 ns  Scope: formal_argument.logical_exp File: formal.sv Line: 17
# ** Info: assertion passed
#    Time: 54 ns Started: 54 ns  Scope: formal_argument.logical_exp File: formal.sv Line: 17
# ** Info: assertion passed
#    Time: 58 ns Started: 58 ns  Scope: formal_argument.logical_exp File: formal.sv Line: 17
# ** Info: assertion passed
#    Time: 62 ns Started: 62 ns  Scope: formal_argument.logical_exp File: formal.sv Line: 17
# ** Info: assertion passed
#    Time: 66 ns Started: 66 ns  Scope: formal_argument.logical_exp File: formal.sv Line: 17
# ** Note: $finish    : formal.sv(30)
#    Time: 70 ns  Iteration: 0  Instance: /formal_argument
# End time: 02:29:28 on Oct 08,2022, Elapsed time: 0:00:01
# Errors: 8, Warnings: 0
