# vsim test -l parameter_datatype.log -c -do "run -all;quit;" 
# Start time: 10:08:53 on Sep 21,2022
# ** Note: (vsim-3812) Design is being optimized...
# //  Questa Sim
# //  Version 10.6c linux Jul 25 2017
# //
# //  Copyright 1991-2017 Mentor Graphics Corporation
# //  All Rights Reserved.
# //
# //  QuestaSim and its associated documentation contain trade
# //  secrets and commercial or financial information that are the property of
# //  Mentor Graphics Corporation and are privileged, confidential,
# //  and exempt from disclosure under the Freedom of Information Act,
# //  5 U.S.C. Section 552. Furthermore, this information
# //  is prohibited from disclosure under the Trade Secrets Act,
# //  18 U.S.C. Section 1905.
# //
# Loading sv_std.std
# Loading work.parameter_datatype_sv_unit(fast)
# Loading work.test(fast)
# run -all
# contents of t2 before value changes
# 	 c = Mirafra
# 	 d = 8
# 	 x = teams
# 	 y=25
# contents of t1 before value changes
# 	 c = Teams
# 	 d = 3
# 	 x = teams
# 	 y=25
# contents of t1 after value changes
# 	 c = Teams
# 	 d = 3
# 	 x = teams
# 	 y=8
# contents of t2 after value changes
# 	 c = Teams
# 	 d = 3
# 	 x = BJT
# 	 y=25
# quit
# End time: 10:08:54 on Sep 21,2022, Elapsed time: 0:00:01
# Errors: 0, Warnings: 0
