# vsim arithmetic_code -l arithmetic_code_output.log -c -do "run -all; exit;" 
# Start time: 23:29:32 on Sep 07,2022
# ** Note: (vsim-3812) Design is being optimized...
# //  Questa Sim
# //  Version 10.6c linux Jul 25 2017
# //
# //  Copyright 1991-2017 Mentor Graphics Corporation
# //  All Rights Reserved.
# //
# //  QuestaSim and its associated documentation contain trade
# //  secrets and commercial or financial information that are the property of
# //  Mentor Graphics Corporation and are privileged, confidential,
# //  and exempt from disclosure under the Freedom of Information Act,
# //  5 U.S.C. Section 552. Furthermore, this information
# //  is prohibited from disclosure under the Trade Secrets Act,
# //  18 U.S.C. Section 1905.
# //
# Loading sv_std.std
# Loading work.arithmetic_code(fast)
# run -all
# -------------------------
# 
#  	 the value of a = 10
# 
#  	 the value of b = 5
# 
#  	 The arithmetic addition of a and b 
# 
#  	 the value of y is after doing a + b is 15
# 
#  	 The arithmetic subtraction of a and b
# 
#  	 the value of y is after doing a-b is 5
# 
#  	 The arithmetic multiplication  of a and b
# 
#  	 the value of y is after doing a*b is 50
# 
#  	 The arithmetic division  of a and b
# 
#  	 the value of y is after doing a/b is 2
# 
#  	 The arithmetic modulus of a and b
# 
#  	 the value y is after doing a modulus b is 0
# 
#  	 The arithmetic Exponential operator  of a and b
# 
#  	 the value of y is after doing a ** b is 100000
# -------------------------
#  exit
# End time: 23:29:33 on Sep 07,2022, Elapsed time: 0:00:01
# Errors: 0, Warnings: 0
